INFO:     Started server process [225918]
INFO:     Waiting for application startup.
INFO:     Application startup complete.
INFO:     Uvicorn running on http://127.0.0.1:8000 (Press CTRL+C to quit)
INFO:     127.0.0.1:42184 - "GET /health HTTP/1.1" 404 Not Found
/home/mysterious/storage/github/CourseGPT-Pro-DSAI-Lab-Group-6/.venv/lib/python3.13/site-packages/google/auth/_default.py:108: UserWarning: Your application has authenticated using end user credentials from Google Cloud SDK without a quota project. You might receive a "quota exceeded" or "API not enabled" error. See the following page for troubleshooting: https://cloud.google.com/docs/authentication/adc-troubleshooting/user-creds. 
  warnings.warn(_CLOUD_SDK_CREDENTIALS_WARNING)
Retrying langchain_google_genai.chat_models._chat_with_retry.<locals>._chat_with_retry in 2.0 seconds as it raised PermissionDenied: 403 Request had insufficient authentication scopes. [reason: "ACCESS_TOKEN_SCOPE_INSUFFICIENT"
domain: "googleapis.com"
metadata {
  key: "service"
  value: "generativelanguage.googleapis.com"
}
metadata {
  key: "method"
  value: "google.ai.generativelanguage.v1beta.GenerativeService.GenerateContent"
}
].
Retrying langchain_google_genai.chat_models._chat_with_retry.<locals>._chat_with_retry in 4.0 seconds as it raised PermissionDenied: 403 Request had insufficient authentication scopes. [reason: "ACCESS_TOKEN_SCOPE_INSUFFICIENT"
domain: "googleapis.com"
metadata {
  key: "service"
  value: "generativelanguage.googleapis.com"
}
metadata {
  key: "method"
  value: "google.ai.generativelanguage.v1beta.GenerativeService.GenerateContent"
}
].
Retrying langchain_google_genai.chat_models._chat_with_retry.<locals>._chat_with_retry in 8.0 seconds as it raised PermissionDenied: 403 Request had insufficient authentication scopes. [reason: "ACCESS_TOKEN_SCOPE_INSUFFICIENT"
domain: "googleapis.com"
metadata {
  key: "service"
  value: "generativelanguage.googleapis.com"
}
metadata {
  key: "method"
  value: "google.ai.generativelanguage.v1beta.GenerativeService.GenerateContent"
}
].
Retrying langchain_google_genai.chat_models._chat_with_retry.<locals>._chat_with_retry in 16.0 seconds as it raised PermissionDenied: 403 Request had insufficient authentication scopes. [reason: "ACCESS_TOKEN_SCOPE_INSUFFICIENT"
domain: "googleapis.com"
metadata {
  key: "service"
  value: "generativelanguage.googleapis.com"
}
metadata {
  key: "method"
  value: "google.ai.generativelanguage.v1beta.GenerativeService.GenerateContent"
}
].
Retrying langchain_google_genai.chat_models._chat_with_retry.<locals>._chat_with_retry in 32.0 seconds as it raised PermissionDenied: 403 Request had insufficient authentication scopes. [reason: "ACCESS_TOKEN_SCOPE_INSUFFICIENT"
domain: "googleapis.com"
metadata {
  key: "service"
  value: "generativelanguage.googleapis.com"
}
metadata {
  key: "method"
  value: "google.ai.generativelanguage.v1beta.GenerativeService.GenerateContent"
}
].
Graph chat invocation failed
Traceback (most recent call last):
  File "/home/mysterious/storage/github/CourseGPT-Pro-DSAI-Lab-Group-6/api/routes/graph_call.py", line 257, in graph_ask
    result_state = course_graph.invoke(
        {"messages": [HumanMessage(content=prompt)]},
        config=config,
    )
  File "/home/mysterious/storage/github/CourseGPT-Pro-DSAI-Lab-Group-6/.venv/lib/python3.13/site-packages/langgraph/pregel/main.py", line 3050, in invoke
    for chunk in self.stream(
                 ~~~~~~~~~~~^
        input,
        ^^^^^^
    ...<10 lines>...
        **kwargs,
        ^^^^^^^^^
    ):
    ^
  File "/home/mysterious/storage/github/CourseGPT-Pro-DSAI-Lab-Group-6/.venv/lib/python3.13/site-packages/langgraph/pregel/main.py", line 2633, in stream
    for _ in runner.tick(
             ~~~~~~~~~~~^
        [t for t in loop.tasks.values() if not t.writes],
        ^^^^^^^^^^^^^^^^^^^^^^^^^^^^^^^^^^^^^^^^^^^^^^^^^
    ...<2 lines>...
        schedule_task=loop.accept_push,
        ^^^^^^^^^^^^^^^^^^^^^^^^^^^^^^^
    ):
    ^
  File "/home/mysterious/storage/github/CourseGPT-Pro-DSAI-Lab-Group-6/.venv/lib/python3.13/site-packages/langgraph/pregel/_runner.py", line 167, in tick
    run_with_retry(
    ~~~~~~~~~~~~~~^
        t,
        ^^
    ...<10 lines>...
        },
        ^^
    )
    ^
  File "/home/mysterious/storage/github/CourseGPT-Pro-DSAI-Lab-Group-6/.venv/lib/python3.13/site-packages/langgraph/pregel/_retry.py", line 42, in run_with_retry
    return task.proc.invoke(task.input, config)
           ~~~~~~~~~~~~~~~~^^^^^^^^^^^^^^^^^^^^
  File "/home/mysterious/storage/github/CourseGPT-Pro-DSAI-Lab-Group-6/.venv/lib/python3.13/site-packages/langgraph/_internal/_runnable.py", line 656, in invoke
    input = context.run(step.invoke, input, config, **kwargs)
  File "/home/mysterious/storage/github/CourseGPT-Pro-DSAI-Lab-Group-6/.venv/lib/python3.13/site-packages/langgraph/_internal/_runnable.py", line 400, in invoke
    ret = self.func(*args, **kwargs)
  File "/home/mysterious/storage/github/CourseGPT-Pro-DSAI-Lab-Group-6/api/graph/agents/router_agent.py", line 47, in router_agent
    response = llm.invoke([system_message] + state["messages"])
  File "/home/mysterious/storage/github/CourseGPT-Pro-DSAI-Lab-Group-6/.venv/lib/python3.13/site-packages/langchain_google_genai/chat_models.py", line 2119, in invoke
    return super().invoke(input, config, stop=stop, **kwargs)
           ~~~~~~~~~~~~~~^^^^^^^^^^^^^^^^^^^^^^^^^^^^^^^^^^^^
  File "/home/mysterious/storage/github/CourseGPT-Pro-DSAI-Lab-Group-6/.venv/lib/python3.13/site-packages/langchain_core/language_models/chat_models.py", line 385, in invoke
    self.generate_prompt(
    ~~~~~~~~~~~~~~~~~~~~^
        [self._convert_input(input)],
        ^^^^^^^^^^^^^^^^^^^^^^^^^^^^^
    ...<6 lines>...
        **kwargs,
        ^^^^^^^^^
    ).generations[0][0],
    ^
  File "/home/mysterious/storage/github/CourseGPT-Pro-DSAI-Lab-Group-6/.venv/lib/python3.13/site-packages/langchain_core/language_models/chat_models.py", line 1104, in generate_prompt
    return self.generate(prompt_messages, stop=stop, callbacks=callbacks, **kwargs)
           ~~~~~~~~~~~~~^^^^^^^^^^^^^^^^^^^^^^^^^^^^^^^^^^^^^^^^^^^^^^^^^^^^^^^^^^^
  File "/home/mysterious/storage/github/CourseGPT-Pro-DSAI-Lab-Group-6/.venv/lib/python3.13/site-packages/langchain_core/language_models/chat_models.py", line 914, in generate
    self._generate_with_cache(
    ~~~~~~~~~~~~~~~~~~~~~~~~~^
        m,
        ^^
    ...<2 lines>...
        **kwargs,
        ^^^^^^^^^
    )
    ^
  File "/home/mysterious/storage/github/CourseGPT-Pro-DSAI-Lab-Group-6/.venv/lib/python3.13/site-packages/langchain_core/language_models/chat_models.py", line 1208, in _generate_with_cache
    result = self._generate(
        messages, stop=stop, run_manager=run_manager, **kwargs
    )
  File "/home/mysterious/storage/github/CourseGPT-Pro-DSAI-Lab-Group-6/.venv/lib/python3.13/site-packages/langchain_google_genai/chat_models.py", line 2270, in _generate
    response: GenerateContentResponse = _chat_with_retry(
                                        ~~~~~~~~~~~~~~~~^
        request=request,
        ^^^^^^^^^^^^^^^^
    ...<2 lines>...
        metadata=self.default_metadata,
        ^^^^^^^^^^^^^^^^^^^^^^^^^^^^^^^
    )
    ^
  File "/home/mysterious/storage/github/CourseGPT-Pro-DSAI-Lab-Group-6/.venv/lib/python3.13/site-packages/langchain_google_genai/chat_models.py", line 258, in _chat_with_retry
    return _chat_with_retry(**params)
  File "/home/mysterious/storage/github/CourseGPT-Pro-DSAI-Lab-Group-6/.venv/lib/python3.13/site-packages/tenacity/__init__.py", line 338, in wrapped_f
    return copy(f, *args, **kw)
  File "/home/mysterious/storage/github/CourseGPT-Pro-DSAI-Lab-Group-6/.venv/lib/python3.13/site-packages/tenacity/__init__.py", line 477, in __call__
    do = self.iter(retry_state=retry_state)
  File "/home/mysterious/storage/github/CourseGPT-Pro-DSAI-Lab-Group-6/.venv/lib/python3.13/site-packages/tenacity/__init__.py", line 378, in iter
    result = action(retry_state)
  File "/home/mysterious/storage/github/CourseGPT-Pro-DSAI-Lab-Group-6/.venv/lib/python3.13/site-packages/tenacity/__init__.py", line 420, in exc_check
    raise retry_exc.reraise()
          ~~~~~~~~~~~~~~~~~^^
  File "/home/mysterious/storage/github/CourseGPT-Pro-DSAI-Lab-Group-6/.venv/lib/python3.13/site-packages/tenacity/__init__.py", line 187, in reraise
    raise self.last_attempt.result()
          ~~~~~~~~~~~~~~~~~~~~~~~~^^
  File "/usr/lib/python3.13/concurrent/futures/_base.py", line 449, in result
    return self.__get_result()
           ~~~~~~~~~~~~~~~~~^^
  File "/usr/lib/python3.13/concurrent/futures/_base.py", line 401, in __get_result
    raise self._exception
  File "/home/mysterious/storage/github/CourseGPT-Pro-DSAI-Lab-Group-6/.venv/lib/python3.13/site-packages/tenacity/__init__.py", line 480, in __call__
    result = fn(*args, **kwargs)
  File "/home/mysterious/storage/github/CourseGPT-Pro-DSAI-Lab-Group-6/.venv/lib/python3.13/site-packages/langchain_google_genai/chat_models.py", line 232, in _chat_with_retry
    return generation_method(**kwargs)
  File "/home/mysterious/storage/github/CourseGPT-Pro-DSAI-Lab-Group-6/.venv/lib/python3.13/site-packages/google/ai/generativelanguage_v1beta/services/generative_service/client.py", line 869, in generate_content
    response = rpc(
        request,
    ...<2 lines>...
        metadata=metadata,
    )
  File "/home/mysterious/storage/github/CourseGPT-Pro-DSAI-Lab-Group-6/.venv/lib/python3.13/site-packages/google/api_core/gapic_v1/method.py", line 131, in __call__
    return wrapped_func(*args, **kwargs)
  File "/home/mysterious/storage/github/CourseGPT-Pro-DSAI-Lab-Group-6/.venv/lib/python3.13/site-packages/google/api_core/retry/retry_unary.py", line 294, in retry_wrapped_func
    return retry_target(
        target,
    ...<3 lines>...
        on_error=on_error,
    )
  File "/home/mysterious/storage/github/CourseGPT-Pro-DSAI-Lab-Group-6/.venv/lib/python3.13/site-packages/google/api_core/retry/retry_unary.py", line 156, in retry_target
    next_sleep = _retry_error_helper(
        exc,
    ...<6 lines>...
        timeout,
    )
  File "/home/mysterious/storage/github/CourseGPT-Pro-DSAI-Lab-Group-6/.venv/lib/python3.13/site-packages/google/api_core/retry/retry_base.py", line 214, in _retry_error_helper
    raise final_exc from source_exc
  File "/home/mysterious/storage/github/CourseGPT-Pro-DSAI-Lab-Group-6/.venv/lib/python3.13/site-packages/google/api_core/retry/retry_unary.py", line 147, in retry_target
    result = target()
  File "/home/mysterious/storage/github/CourseGPT-Pro-DSAI-Lab-Group-6/.venv/lib/python3.13/site-packages/google/api_core/timeout.py", line 130, in func_with_timeout
    return func(*args, **kwargs)
  File "/home/mysterious/storage/github/CourseGPT-Pro-DSAI-Lab-Group-6/.venv/lib/python3.13/site-packages/google/api_core/grpc_helpers.py", line 77, in error_remapped_callable
    raise exceptions.from_grpc_error(exc) from exc
google.api_core.exceptions.PermissionDenied: 403 Request had insufficient authentication scopes. [reason: "ACCESS_TOKEN_SCOPE_INSUFFICIENT"
domain: "googleapis.com"
metadata {
  key: "service"
  value: "generativelanguage.googleapis.com"
}
metadata {
  key: "method"
  value: "google.ai.generativelanguage.v1beta.GenerativeService.GenerateContent"
}
]
During task with name 'router_agent' and id 'e9ad2dff-a983-2e11-5cf5-8233c9e2fa60'
INFO:     127.0.0.1:42188 - "POST /chat HTTP/1.1" 500 Internal Server Error
INFO:     127.0.0.1:36268 - "GET / HTTP/1.1" 200 OK
INFO:     127.0.0.1:38202 - "GET /files/?limit=50 HTTP/1.1" 500 Internal Server Error
ERROR:    Exception in ASGI application
Traceback (most recent call last):
  File "/home/mysterious/storage/github/CourseGPT-Pro-DSAI-Lab-Group-6/.venv/lib/python3.13/site-packages/uvicorn/protocols/http/httptools_impl.py", line 409, in run_asgi
    result = await app(  # type: ignore[func-returns-value]
             ^^^^^^^^^^^^^^^^^^^^^^^^^^^^^^^^^^^^^^^^^^^^^^
        self.scope, self.receive, self.send
        ^^^^^^^^^^^^^^^^^^^^^^^^^^^^^^^^^^^
    )
    ^
  File "/home/mysterious/storage/github/CourseGPT-Pro-DSAI-Lab-Group-6/.venv/lib/python3.13/site-packages/uvicorn/middleware/proxy_headers.py", line 60, in __call__
    return await self.app(scope, receive, send)
           ^^^^^^^^^^^^^^^^^^^^^^^^^^^^^^^^^^^^
  File "/home/mysterious/storage/github/CourseGPT-Pro-DSAI-Lab-Group-6/.venv/lib/python3.13/site-packages/fastapi/applications.py", line 1134, in __call__
    await super().__call__(scope, receive, send)
  File "/home/mysterious/storage/github/CourseGPT-Pro-DSAI-Lab-Group-6/.venv/lib/python3.13/site-packages/starlette/applications.py", line 107, in __call__
    await self.middleware_stack(scope, receive, send)
  File "/home/mysterious/storage/github/CourseGPT-Pro-DSAI-Lab-Group-6/.venv/lib/python3.13/site-packages/starlette/middleware/errors.py", line 186, in __call__
    raise exc
  File "/home/mysterious/storage/github/CourseGPT-Pro-DSAI-Lab-Group-6/.venv/lib/python3.13/site-packages/starlette/middleware/errors.py", line 164, in __call__
    await self.app(scope, receive, _send)
  File "/home/mysterious/storage/github/CourseGPT-Pro-DSAI-Lab-Group-6/.venv/lib/python3.13/site-packages/starlette/middleware/exceptions.py", line 63, in __call__
    await wrap_app_handling_exceptions(self.app, conn)(scope, receive, send)
  File "/home/mysterious/storage/github/CourseGPT-Pro-DSAI-Lab-Group-6/.venv/lib/python3.13/site-packages/starlette/_exception_handler.py", line 53, in wrapped_app
    raise exc
  File "/home/mysterious/storage/github/CourseGPT-Pro-DSAI-Lab-Group-6/.venv/lib/python3.13/site-packages/starlette/_exception_handler.py", line 42, in wrapped_app
    await app(scope, receive, sender)
  File "/home/mysterious/storage/github/CourseGPT-Pro-DSAI-Lab-Group-6/.venv/lib/python3.13/site-packages/fastapi/middleware/asyncexitstack.py", line 18, in __call__
    await self.app(scope, receive, send)
  File "/home/mysterious/storage/github/CourseGPT-Pro-DSAI-Lab-Group-6/.venv/lib/python3.13/site-packages/starlette/routing.py", line 716, in __call__
    await self.middleware_stack(scope, receive, send)
  File "/home/mysterious/storage/github/CourseGPT-Pro-DSAI-Lab-Group-6/.venv/lib/python3.13/site-packages/starlette/routing.py", line 736, in app
    await route.handle(scope, receive, send)
  File "/home/mysterious/storage/github/CourseGPT-Pro-DSAI-Lab-Group-6/.venv/lib/python3.13/site-packages/starlette/routing.py", line 290, in handle
    await self.app(scope, receive, send)
  File "/home/mysterious/storage/github/CourseGPT-Pro-DSAI-Lab-Group-6/.venv/lib/python3.13/site-packages/fastapi/routing.py", line 125, in app
    await wrap_app_handling_exceptions(app, request)(scope, receive, send)
  File "/home/mysterious/storage/github/CourseGPT-Pro-DSAI-Lab-Group-6/.venv/lib/python3.13/site-packages/starlette/_exception_handler.py", line 53, in wrapped_app
    raise exc
  File "/home/mysterious/storage/github/CourseGPT-Pro-DSAI-Lab-Group-6/.venv/lib/python3.13/site-packages/starlette/_exception_handler.py", line 42, in wrapped_app
    await app(scope, receive, sender)
  File "/home/mysterious/storage/github/CourseGPT-Pro-DSAI-Lab-Group-6/.venv/lib/python3.13/site-packages/fastapi/routing.py", line 111, in app
    response = await f(request)
               ^^^^^^^^^^^^^^^^
  File "/home/mysterious/storage/github/CourseGPT-Pro-DSAI-Lab-Group-6/.venv/lib/python3.13/site-packages/fastapi/routing.py", line 381, in app
    solved_result = await solve_dependencies(
                    ^^^^^^^^^^^^^^^^^^^^^^^^^
    ...<6 lines>...
    )
    ^
  File "/home/mysterious/storage/github/CourseGPT-Pro-DSAI-Lab-Group-6/.venv/lib/python3.13/site-packages/fastapi/dependencies/utils.py", line 647, in solve_dependencies
    solved = await run_in_threadpool(call, **solved_result.values)
             ^^^^^^^^^^^^^^^^^^^^^^^^^^^^^^^^^^^^^^^^^^^^^^^^^^^^^
  File "/home/mysterious/storage/github/CourseGPT-Pro-DSAI-Lab-Group-6/.venv/lib/python3.13/site-packages/starlette/concurrency.py", line 32, in run_in_threadpool
    return await anyio.to_thread.run_sync(func)
           ^^^^^^^^^^^^^^^^^^^^^^^^^^^^^^^^^^^^
  File "/home/mysterious/storage/github/CourseGPT-Pro-DSAI-Lab-Group-6/.venv/lib/python3.13/site-packages/anyio/to_thread.py", line 56, in run_sync
    return await get_async_backend().run_sync_in_worker_thread(
           ^^^^^^^^^^^^^^^^^^^^^^^^^^^^^^^^^^^^^^^^^^^^^^^^^^^^
        func, args, abandon_on_cancel=abandon_on_cancel, limiter=limiter
        ^^^^^^^^^^^^^^^^^^^^^^^^^^^^^^^^^^^^^^^^^^^^^^^^^^^^^^^^^^^^^^^^
    )
    ^
  File "/home/mysterious/storage/github/CourseGPT-Pro-DSAI-Lab-Group-6/.venv/lib/python3.13/site-packages/anyio/_backends/_asyncio.py", line 2485, in run_sync_in_worker_thread
    return await future
           ^^^^^^^^^^^^
  File "/home/mysterious/storage/github/CourseGPT-Pro-DSAI-Lab-Group-6/.venv/lib/python3.13/site-packages/anyio/_backends/_asyncio.py", line 976, in run
    result = context.run(func, *args)
  File "/home/mysterious/storage/github/CourseGPT-Pro-DSAI-Lab-Group-6/api/dependencies.py", line 26, in get_r2_service
    return _build_r2_service(settings)
  File "/home/mysterious/storage/github/CourseGPT-Pro-DSAI-Lab-Group-6/api/dependencies.py", line 12, in _build_r2_service
    return R2StorageService(settings=settings)
  File "/home/mysterious/storage/github/CourseGPT-Pro-DSAI-Lab-Group-6/api/services/r2_storage.py", line 25, in __init__
    self.endpoint = settings.cloudflare_r2_endpoint.rstrip("/")
                    ^^^^^^^^^^^^^^^^^^^^^^^^^^^^^^^^^^^^^^
AttributeError: 'NoneType' object has no attribute 'rstrip'
INFO:     127.0.0.1:35574 - "GET /files/?limit=50 HTTP/1.1" 500 Internal Server Error
ERROR:    Exception in ASGI application
Traceback (most recent call last):
  File "/home/mysterious/storage/github/CourseGPT-Pro-DSAI-Lab-Group-6/.venv/lib/python3.13/site-packages/uvicorn/protocols/http/httptools_impl.py", line 409, in run_asgi
    result = await app(  # type: ignore[func-returns-value]
             ^^^^^^^^^^^^^^^^^^^^^^^^^^^^^^^^^^^^^^^^^^^^^^
        self.scope, self.receive, self.send
        ^^^^^^^^^^^^^^^^^^^^^^^^^^^^^^^^^^^
    )
    ^
  File "/home/mysterious/storage/github/CourseGPT-Pro-DSAI-Lab-Group-6/.venv/lib/python3.13/site-packages/uvicorn/middleware/proxy_headers.py", line 60, in __call__
    return await self.app(scope, receive, send)
           ^^^^^^^^^^^^^^^^^^^^^^^^^^^^^^^^^^^^
  File "/home/mysterious/storage/github/CourseGPT-Pro-DSAI-Lab-Group-6/.venv/lib/python3.13/site-packages/fastapi/applications.py", line 1134, in __call__
    await super().__call__(scope, receive, send)
  File "/home/mysterious/storage/github/CourseGPT-Pro-DSAI-Lab-Group-6/.venv/lib/python3.13/site-packages/starlette/applications.py", line 107, in __call__
    await self.middleware_stack(scope, receive, send)
  File "/home/mysterious/storage/github/CourseGPT-Pro-DSAI-Lab-Group-6/.venv/lib/python3.13/site-packages/starlette/middleware/errors.py", line 186, in __call__
    raise exc
  File "/home/mysterious/storage/github/CourseGPT-Pro-DSAI-Lab-Group-6/.venv/lib/python3.13/site-packages/starlette/middleware/errors.py", line 164, in __call__
    await self.app(scope, receive, _send)
  File "/home/mysterious/storage/github/CourseGPT-Pro-DSAI-Lab-Group-6/.venv/lib/python3.13/site-packages/starlette/middleware/exceptions.py", line 63, in __call__
    await wrap_app_handling_exceptions(self.app, conn)(scope, receive, send)
  File "/home/mysterious/storage/github/CourseGPT-Pro-DSAI-Lab-Group-6/.venv/lib/python3.13/site-packages/starlette/_exception_handler.py", line 53, in wrapped_app
    raise exc
  File "/home/mysterious/storage/github/CourseGPT-Pro-DSAI-Lab-Group-6/.venv/lib/python3.13/site-packages/starlette/_exception_handler.py", line 42, in wrapped_app
    await app(scope, receive, sender)
  File "/home/mysterious/storage/github/CourseGPT-Pro-DSAI-Lab-Group-6/.venv/lib/python3.13/site-packages/fastapi/middleware/asyncexitstack.py", line 18, in __call__
    await self.app(scope, receive, send)
  File "/home/mysterious/storage/github/CourseGPT-Pro-DSAI-Lab-Group-6/.venv/lib/python3.13/site-packages/starlette/routing.py", line 716, in __call__
    await self.middleware_stack(scope, receive, send)
  File "/home/mysterious/storage/github/CourseGPT-Pro-DSAI-Lab-Group-6/.venv/lib/python3.13/site-packages/starlette/routing.py", line 736, in app
    await route.handle(scope, receive, send)
  File "/home/mysterious/storage/github/CourseGPT-Pro-DSAI-Lab-Group-6/.venv/lib/python3.13/site-packages/starlette/routing.py", line 290, in handle
    await self.app(scope, receive, send)
  File "/home/mysterious/storage/github/CourseGPT-Pro-DSAI-Lab-Group-6/.venv/lib/python3.13/site-packages/fastapi/routing.py", line 125, in app
    await wrap_app_handling_exceptions(app, request)(scope, receive, send)
  File "/home/mysterious/storage/github/CourseGPT-Pro-DSAI-Lab-Group-6/.venv/lib/python3.13/site-packages/starlette/_exception_handler.py", line 53, in wrapped_app
    raise exc
  File "/home/mysterious/storage/github/CourseGPT-Pro-DSAI-Lab-Group-6/.venv/lib/python3.13/site-packages/starlette/_exception_handler.py", line 42, in wrapped_app
    await app(scope, receive, sender)
  File "/home/mysterious/storage/github/CourseGPT-Pro-DSAI-Lab-Group-6/.venv/lib/python3.13/site-packages/fastapi/routing.py", line 111, in app
    response = await f(request)
               ^^^^^^^^^^^^^^^^
  File "/home/mysterious/storage/github/CourseGPT-Pro-DSAI-Lab-Group-6/.venv/lib/python3.13/site-packages/fastapi/routing.py", line 381, in app
    solved_result = await solve_dependencies(
                    ^^^^^^^^^^^^^^^^^^^^^^^^^
    ...<6 lines>...
    )
    ^
  File "/home/mysterious/storage/github/CourseGPT-Pro-DSAI-Lab-Group-6/.venv/lib/python3.13/site-packages/fastapi/dependencies/utils.py", line 647, in solve_dependencies
    solved = await run_in_threadpool(call, **solved_result.values)
             ^^^^^^^^^^^^^^^^^^^^^^^^^^^^^^^^^^^^^^^^^^^^^^^^^^^^^
  File "/home/mysterious/storage/github/CourseGPT-Pro-DSAI-Lab-Group-6/.venv/lib/python3.13/site-packages/starlette/concurrency.py", line 32, in run_in_threadpool
    return await anyio.to_thread.run_sync(func)
           ^^^^^^^^^^^^^^^^^^^^^^^^^^^^^^^^^^^^
  File "/home/mysterious/storage/github/CourseGPT-Pro-DSAI-Lab-Group-6/.venv/lib/python3.13/site-packages/anyio/to_thread.py", line 56, in run_sync
    return await get_async_backend().run_sync_in_worker_thread(
           ^^^^^^^^^^^^^^^^^^^^^^^^^^^^^^^^^^^^^^^^^^^^^^^^^^^^
        func, args, abandon_on_cancel=abandon_on_cancel, limiter=limiter
        ^^^^^^^^^^^^^^^^^^^^^^^^^^^^^^^^^^^^^^^^^^^^^^^^^^^^^^^^^^^^^^^^
    )
    ^
  File "/home/mysterious/storage/github/CourseGPT-Pro-DSAI-Lab-Group-6/.venv/lib/python3.13/site-packages/anyio/_backends/_asyncio.py", line 2485, in run_sync_in_worker_thread
    return await future
           ^^^^^^^^^^^^
  File "/home/mysterious/storage/github/CourseGPT-Pro-DSAI-Lab-Group-6/.venv/lib/python3.13/site-packages/anyio/_backends/_asyncio.py", line 976, in run
    result = context.run(func, *args)
  File "/home/mysterious/storage/github/CourseGPT-Pro-DSAI-Lab-Group-6/api/dependencies.py", line 26, in get_r2_service
    return _build_r2_service(settings)
  File "/home/mysterious/storage/github/CourseGPT-Pro-DSAI-Lab-Group-6/api/dependencies.py", line 12, in _build_r2_service
    return R2StorageService(settings=settings)
  File "/home/mysterious/storage/github/CourseGPT-Pro-DSAI-Lab-Group-6/api/services/r2_storage.py", line 25, in __init__
    self.endpoint = settings.cloudflare_r2_endpoint.rstrip("/")
                    ^^^^^^^^^^^^^^^^^^^^^^^^^^^^^^^^^^^^^^
AttributeError: 'NoneType' object has no attribute 'rstrip'
INFO:     127.0.0.1:47122 - "GET /files/?limit=50 HTTP/1.1" 500 Internal Server Error
ERROR:    Exception in ASGI application
Traceback (most recent call last):
  File "/home/mysterious/storage/github/CourseGPT-Pro-DSAI-Lab-Group-6/.venv/lib/python3.13/site-packages/uvicorn/protocols/http/httptools_impl.py", line 409, in run_asgi
    result = await app(  # type: ignore[func-returns-value]
             ^^^^^^^^^^^^^^^^^^^^^^^^^^^^^^^^^^^^^^^^^^^^^^
        self.scope, self.receive, self.send
        ^^^^^^^^^^^^^^^^^^^^^^^^^^^^^^^^^^^
    )
    ^
  File "/home/mysterious/storage/github/CourseGPT-Pro-DSAI-Lab-Group-6/.venv/lib/python3.13/site-packages/uvicorn/middleware/proxy_headers.py", line 60, in __call__
    return await self.app(scope, receive, send)
           ^^^^^^^^^^^^^^^^^^^^^^^^^^^^^^^^^^^^
  File "/home/mysterious/storage/github/CourseGPT-Pro-DSAI-Lab-Group-6/.venv/lib/python3.13/site-packages/fastapi/applications.py", line 1134, in __call__
    await super().__call__(scope, receive, send)
  File "/home/mysterious/storage/github/CourseGPT-Pro-DSAI-Lab-Group-6/.venv/lib/python3.13/site-packages/starlette/applications.py", line 107, in __call__
    await self.middleware_stack(scope, receive, send)
  File "/home/mysterious/storage/github/CourseGPT-Pro-DSAI-Lab-Group-6/.venv/lib/python3.13/site-packages/starlette/middleware/errors.py", line 186, in __call__
    raise exc
  File "/home/mysterious/storage/github/CourseGPT-Pro-DSAI-Lab-Group-6/.venv/lib/python3.13/site-packages/starlette/middleware/errors.py", line 164, in __call__
    await self.app(scope, receive, _send)
  File "/home/mysterious/storage/github/CourseGPT-Pro-DSAI-Lab-Group-6/.venv/lib/python3.13/site-packages/starlette/middleware/exceptions.py", line 63, in __call__
    await wrap_app_handling_exceptions(self.app, conn)(scope, receive, send)
  File "/home/mysterious/storage/github/CourseGPT-Pro-DSAI-Lab-Group-6/.venv/lib/python3.13/site-packages/starlette/_exception_handler.py", line 53, in wrapped_app
    raise exc
  File "/home/mysterious/storage/github/CourseGPT-Pro-DSAI-Lab-Group-6/.venv/lib/python3.13/site-packages/starlette/_exception_handler.py", line 42, in wrapped_app
    await app(scope, receive, sender)
  File "/home/mysterious/storage/github/CourseGPT-Pro-DSAI-Lab-Group-6/.venv/lib/python3.13/site-packages/fastapi/middleware/asyncexitstack.py", line 18, in __call__
    await self.app(scope, receive, send)
  File "/home/mysterious/storage/github/CourseGPT-Pro-DSAI-Lab-Group-6/.venv/lib/python3.13/site-packages/starlette/routing.py", line 716, in __call__
    await self.middleware_stack(scope, receive, send)
  File "/home/mysterious/storage/github/CourseGPT-Pro-DSAI-Lab-Group-6/.venv/lib/python3.13/site-packages/starlette/routing.py", line 736, in app
    await route.handle(scope, receive, send)
  File "/home/mysterious/storage/github/CourseGPT-Pro-DSAI-Lab-Group-6/.venv/lib/python3.13/site-packages/starlette/routing.py", line 290, in handle
    await self.app(scope, receive, send)
  File "/home/mysterious/storage/github/CourseGPT-Pro-DSAI-Lab-Group-6/.venv/lib/python3.13/site-packages/fastapi/routing.py", line 125, in app
    await wrap_app_handling_exceptions(app, request)(scope, receive, send)
  File "/home/mysterious/storage/github/CourseGPT-Pro-DSAI-Lab-Group-6/.venv/lib/python3.13/site-packages/starlette/_exception_handler.py", line 53, in wrapped_app
    raise exc
  File "/home/mysterious/storage/github/CourseGPT-Pro-DSAI-Lab-Group-6/.venv/lib/python3.13/site-packages/starlette/_exception_handler.py", line 42, in wrapped_app
    await app(scope, receive, sender)
  File "/home/mysterious/storage/github/CourseGPT-Pro-DSAI-Lab-Group-6/.venv/lib/python3.13/site-packages/fastapi/routing.py", line 111, in app
    response = await f(request)
               ^^^^^^^^^^^^^^^^
  File "/home/mysterious/storage/github/CourseGPT-Pro-DSAI-Lab-Group-6/.venv/lib/python3.13/site-packages/fastapi/routing.py", line 381, in app
    solved_result = await solve_dependencies(
                    ^^^^^^^^^^^^^^^^^^^^^^^^^
    ...<6 lines>...
    )
    ^
  File "/home/mysterious/storage/github/CourseGPT-Pro-DSAI-Lab-Group-6/.venv/lib/python3.13/site-packages/fastapi/dependencies/utils.py", line 647, in solve_dependencies
    solved = await run_in_threadpool(call, **solved_result.values)
             ^^^^^^^^^^^^^^^^^^^^^^^^^^^^^^^^^^^^^^^^^^^^^^^^^^^^^
  File "/home/mysterious/storage/github/CourseGPT-Pro-DSAI-Lab-Group-6/.venv/lib/python3.13/site-packages/starlette/concurrency.py", line 32, in run_in_threadpool
    return await anyio.to_thread.run_sync(func)
           ^^^^^^^^^^^^^^^^^^^^^^^^^^^^^^^^^^^^
  File "/home/mysterious/storage/github/CourseGPT-Pro-DSAI-Lab-Group-6/.venv/lib/python3.13/site-packages/anyio/to_thread.py", line 56, in run_sync
    return await get_async_backend().run_sync_in_worker_thread(
           ^^^^^^^^^^^^^^^^^^^^^^^^^^^^^^^^^^^^^^^^^^^^^^^^^^^^
        func, args, abandon_on_cancel=abandon_on_cancel, limiter=limiter
        ^^^^^^^^^^^^^^^^^^^^^^^^^^^^^^^^^^^^^^^^^^^^^^^^^^^^^^^^^^^^^^^^
    )
    ^
  File "/home/mysterious/storage/github/CourseGPT-Pro-DSAI-Lab-Group-6/.venv/lib/python3.13/site-packages/anyio/_backends/_asyncio.py", line 2485, in run_sync_in_worker_thread
    return await future
           ^^^^^^^^^^^^
  File "/home/mysterious/storage/github/CourseGPT-Pro-DSAI-Lab-Group-6/.venv/lib/python3.13/site-packages/anyio/_backends/_asyncio.py", line 976, in run
    result = context.run(func, *args)
  File "/home/mysterious/storage/github/CourseGPT-Pro-DSAI-Lab-Group-6/api/dependencies.py", line 26, in get_r2_service
    return _build_r2_service(settings)
  File "/home/mysterious/storage/github/CourseGPT-Pro-DSAI-Lab-Group-6/api/dependencies.py", line 12, in _build_r2_service
    return R2StorageService(settings=settings)
  File "/home/mysterious/storage/github/CourseGPT-Pro-DSAI-Lab-Group-6/api/services/r2_storage.py", line 25, in __init__
    self.endpoint = settings.cloudflare_r2_endpoint.rstrip("/")
                    ^^^^^^^^^^^^^^^^^^^^^^^^^^^^^^^^^^^^^^
AttributeError: 'NoneType' object has no attribute 'rstrip'
INFO:     127.0.0.1:47138 - "GET /files/?limit=50 HTTP/1.1" 500 Internal Server Error
ERROR:    Exception in ASGI application
Traceback (most recent call last):
  File "/home/mysterious/storage/github/CourseGPT-Pro-DSAI-Lab-Group-6/.venv/lib/python3.13/site-packages/uvicorn/protocols/http/httptools_impl.py", line 409, in run_asgi
    result = await app(  # type: ignore[func-returns-value]
             ^^^^^^^^^^^^^^^^^^^^^^^^^^^^^^^^^^^^^^^^^^^^^^
        self.scope, self.receive, self.send
        ^^^^^^^^^^^^^^^^^^^^^^^^^^^^^^^^^^^
    )
    ^
  File "/home/mysterious/storage/github/CourseGPT-Pro-DSAI-Lab-Group-6/.venv/lib/python3.13/site-packages/uvicorn/middleware/proxy_headers.py", line 60, in __call__
    return await self.app(scope, receive, send)
           ^^^^^^^^^^^^^^^^^^^^^^^^^^^^^^^^^^^^
  File "/home/mysterious/storage/github/CourseGPT-Pro-DSAI-Lab-Group-6/.venv/lib/python3.13/site-packages/fastapi/applications.py", line 1134, in __call__
    await super().__call__(scope, receive, send)
  File "/home/mysterious/storage/github/CourseGPT-Pro-DSAI-Lab-Group-6/.venv/lib/python3.13/site-packages/starlette/applications.py", line 107, in __call__
    await self.middleware_stack(scope, receive, send)
  File "/home/mysterious/storage/github/CourseGPT-Pro-DSAI-Lab-Group-6/.venv/lib/python3.13/site-packages/starlette/middleware/errors.py", line 186, in __call__
    raise exc
  File "/home/mysterious/storage/github/CourseGPT-Pro-DSAI-Lab-Group-6/.venv/lib/python3.13/site-packages/starlette/middleware/errors.py", line 164, in __call__
    await self.app(scope, receive, _send)
  File "/home/mysterious/storage/github/CourseGPT-Pro-DSAI-Lab-Group-6/.venv/lib/python3.13/site-packages/starlette/middleware/exceptions.py", line 63, in __call__
    await wrap_app_handling_exceptions(self.app, conn)(scope, receive, send)
  File "/home/mysterious/storage/github/CourseGPT-Pro-DSAI-Lab-Group-6/.venv/lib/python3.13/site-packages/starlette/_exception_handler.py", line 53, in wrapped_app
    raise exc
  File "/home/mysterious/storage/github/CourseGPT-Pro-DSAI-Lab-Group-6/.venv/lib/python3.13/site-packages/starlette/_exception_handler.py", line 42, in wrapped_app
    await app(scope, receive, sender)
  File "/home/mysterious/storage/github/CourseGPT-Pro-DSAI-Lab-Group-6/.venv/lib/python3.13/site-packages/fastapi/middleware/asyncexitstack.py", line 18, in __call__
    await self.app(scope, receive, send)
  File "/home/mysterious/storage/github/CourseGPT-Pro-DSAI-Lab-Group-6/.venv/lib/python3.13/site-packages/starlette/routing.py", line 716, in __call__
    await self.middleware_stack(scope, receive, send)
  File "/home/mysterious/storage/github/CourseGPT-Pro-DSAI-Lab-Group-6/.venv/lib/python3.13/site-packages/starlette/routing.py", line 736, in app
    await route.handle(scope, receive, send)
  File "/home/mysterious/storage/github/CourseGPT-Pro-DSAI-Lab-Group-6/.venv/lib/python3.13/site-packages/starlette/routing.py", line 290, in handle
    await self.app(scope, receive, send)
  File "/home/mysterious/storage/github/CourseGPT-Pro-DSAI-Lab-Group-6/.venv/lib/python3.13/site-packages/fastapi/routing.py", line 125, in app
    await wrap_app_handling_exceptions(app, request)(scope, receive, send)
  File "/home/mysterious/storage/github/CourseGPT-Pro-DSAI-Lab-Group-6/.venv/lib/python3.13/site-packages/starlette/_exception_handler.py", line 53, in wrapped_app
    raise exc
  File "/home/mysterious/storage/github/CourseGPT-Pro-DSAI-Lab-Group-6/.venv/lib/python3.13/site-packages/starlette/_exception_handler.py", line 42, in wrapped_app
    await app(scope, receive, sender)
  File "/home/mysterious/storage/github/CourseGPT-Pro-DSAI-Lab-Group-6/.venv/lib/python3.13/site-packages/fastapi/routing.py", line 111, in app
    response = await f(request)
               ^^^^^^^^^^^^^^^^
  File "/home/mysterious/storage/github/CourseGPT-Pro-DSAI-Lab-Group-6/.venv/lib/python3.13/site-packages/fastapi/routing.py", line 381, in app
    solved_result = await solve_dependencies(
                    ^^^^^^^^^^^^^^^^^^^^^^^^^
    ...<6 lines>...
    )
    ^
  File "/home/mysterious/storage/github/CourseGPT-Pro-DSAI-Lab-Group-6/.venv/lib/python3.13/site-packages/fastapi/dependencies/utils.py", line 647, in solve_dependencies
    solved = await run_in_threadpool(call, **solved_result.values)
             ^^^^^^^^^^^^^^^^^^^^^^^^^^^^^^^^^^^^^^^^^^^^^^^^^^^^^
  File "/home/mysterious/storage/github/CourseGPT-Pro-DSAI-Lab-Group-6/.venv/lib/python3.13/site-packages/starlette/concurrency.py", line 32, in run_in_threadpool
    return await anyio.to_thread.run_sync(func)
           ^^^^^^^^^^^^^^^^^^^^^^^^^^^^^^^^^^^^
  File "/home/mysterious/storage/github/CourseGPT-Pro-DSAI-Lab-Group-6/.venv/lib/python3.13/site-packages/anyio/to_thread.py", line 56, in run_sync
    return await get_async_backend().run_sync_in_worker_thread(
           ^^^^^^^^^^^^^^^^^^^^^^^^^^^^^^^^^^^^^^^^^^^^^^^^^^^^
        func, args, abandon_on_cancel=abandon_on_cancel, limiter=limiter
        ^^^^^^^^^^^^^^^^^^^^^^^^^^^^^^^^^^^^^^^^^^^^^^^^^^^^^^^^^^^^^^^^
    )
    ^
  File "/home/mysterious/storage/github/CourseGPT-Pro-DSAI-Lab-Group-6/.venv/lib/python3.13/site-packages/anyio/_backends/_asyncio.py", line 2485, in run_sync_in_worker_thread
    return await future
           ^^^^^^^^^^^^
  File "/home/mysterious/storage/github/CourseGPT-Pro-DSAI-Lab-Group-6/.venv/lib/python3.13/site-packages/anyio/_backends/_asyncio.py", line 976, in run
    result = context.run(func, *args)
  File "/home/mysterious/storage/github/CourseGPT-Pro-DSAI-Lab-Group-6/api/dependencies.py", line 26, in get_r2_service
    return _build_r2_service(settings)
  File "/home/mysterious/storage/github/CourseGPT-Pro-DSAI-Lab-Group-6/api/dependencies.py", line 12, in _build_r2_service
    return R2StorageService(settings=settings)
  File "/home/mysterious/storage/github/CourseGPT-Pro-DSAI-Lab-Group-6/api/services/r2_storage.py", line 25, in __init__
    self.endpoint = settings.cloudflare_r2_endpoint.rstrip("/")
                    ^^^^^^^^^^^^^^^^^^^^^^^^^^^^^^^^^^^^^^
AttributeError: 'NoneType' object has no attribute 'rstrip'
INFO:     127.0.0.1:47142 - "GET /files/?limit=50 HTTP/1.1" 500 Internal Server Error
ERROR:    Exception in ASGI application
Traceback (most recent call last):
  File "/home/mysterious/storage/github/CourseGPT-Pro-DSAI-Lab-Group-6/.venv/lib/python3.13/site-packages/uvicorn/protocols/http/httptools_impl.py", line 409, in run_asgi
    result = await app(  # type: ignore[func-returns-value]
             ^^^^^^^^^^^^^^^^^^^^^^^^^^^^^^^^^^^^^^^^^^^^^^
        self.scope, self.receive, self.send
        ^^^^^^^^^^^^^^^^^^^^^^^^^^^^^^^^^^^
    )
    ^
  File "/home/mysterious/storage/github/CourseGPT-Pro-DSAI-Lab-Group-6/.venv/lib/python3.13/site-packages/uvicorn/middleware/proxy_headers.py", line 60, in __call__
    return await self.app(scope, receive, send)
           ^^^^^^^^^^^^^^^^^^^^^^^^^^^^^^^^^^^^
  File "/home/mysterious/storage/github/CourseGPT-Pro-DSAI-Lab-Group-6/.venv/lib/python3.13/site-packages/fastapi/applications.py", line 1134, in __call__
    await super().__call__(scope, receive, send)
  File "/home/mysterious/storage/github/CourseGPT-Pro-DSAI-Lab-Group-6/.venv/lib/python3.13/site-packages/starlette/applications.py", line 107, in __call__
    await self.middleware_stack(scope, receive, send)
  File "/home/mysterious/storage/github/CourseGPT-Pro-DSAI-Lab-Group-6/.venv/lib/python3.13/site-packages/starlette/middleware/errors.py", line 186, in __call__
    raise exc
  File "/home/mysterious/storage/github/CourseGPT-Pro-DSAI-Lab-Group-6/.venv/lib/python3.13/site-packages/starlette/middleware/errors.py", line 164, in __call__
    await self.app(scope, receive, _send)
  File "/home/mysterious/storage/github/CourseGPT-Pro-DSAI-Lab-Group-6/.venv/lib/python3.13/site-packages/starlette/middleware/exceptions.py", line 63, in __call__
    await wrap_app_handling_exceptions(self.app, conn)(scope, receive, send)
  File "/home/mysterious/storage/github/CourseGPT-Pro-DSAI-Lab-Group-6/.venv/lib/python3.13/site-packages/starlette/_exception_handler.py", line 53, in wrapped_app
    raise exc
  File "/home/mysterious/storage/github/CourseGPT-Pro-DSAI-Lab-Group-6/.venv/lib/python3.13/site-packages/starlette/_exception_handler.py", line 42, in wrapped_app
    await app(scope, receive, sender)
  File "/home/mysterious/storage/github/CourseGPT-Pro-DSAI-Lab-Group-6/.venv/lib/python3.13/site-packages/fastapi/middleware/asyncexitstack.py", line 18, in __call__
    await self.app(scope, receive, send)
  File "/home/mysterious/storage/github/CourseGPT-Pro-DSAI-Lab-Group-6/.venv/lib/python3.13/site-packages/starlette/routing.py", line 716, in __call__
    await self.middleware_stack(scope, receive, send)
  File "/home/mysterious/storage/github/CourseGPT-Pro-DSAI-Lab-Group-6/.venv/lib/python3.13/site-packages/starlette/routing.py", line 736, in app
    await route.handle(scope, receive, send)
  File "/home/mysterious/storage/github/CourseGPT-Pro-DSAI-Lab-Group-6/.venv/lib/python3.13/site-packages/starlette/routing.py", line 290, in handle
    await self.app(scope, receive, send)
  File "/home/mysterious/storage/github/CourseGPT-Pro-DSAI-Lab-Group-6/.venv/lib/python3.13/site-packages/fastapi/routing.py", line 125, in app
    await wrap_app_handling_exceptions(app, request)(scope, receive, send)
  File "/home/mysterious/storage/github/CourseGPT-Pro-DSAI-Lab-Group-6/.venv/lib/python3.13/site-packages/starlette/_exception_handler.py", line 53, in wrapped_app
    raise exc
  File "/home/mysterious/storage/github/CourseGPT-Pro-DSAI-Lab-Group-6/.venv/lib/python3.13/site-packages/starlette/_exception_handler.py", line 42, in wrapped_app
    await app(scope, receive, sender)
  File "/home/mysterious/storage/github/CourseGPT-Pro-DSAI-Lab-Group-6/.venv/lib/python3.13/site-packages/fastapi/routing.py", line 111, in app
    response = await f(request)
               ^^^^^^^^^^^^^^^^
  File "/home/mysterious/storage/github/CourseGPT-Pro-DSAI-Lab-Group-6/.venv/lib/python3.13/site-packages/fastapi/routing.py", line 381, in app
    solved_result = await solve_dependencies(
                    ^^^^^^^^^^^^^^^^^^^^^^^^^
    ...<6 lines>...
    )
    ^
  File "/home/mysterious/storage/github/CourseGPT-Pro-DSAI-Lab-Group-6/.venv/lib/python3.13/site-packages/fastapi/dependencies/utils.py", line 647, in solve_dependencies
    solved = await run_in_threadpool(call, **solved_result.values)
             ^^^^^^^^^^^^^^^^^^^^^^^^^^^^^^^^^^^^^^^^^^^^^^^^^^^^^
  File "/home/mysterious/storage/github/CourseGPT-Pro-DSAI-Lab-Group-6/.venv/lib/python3.13/site-packages/starlette/concurrency.py", line 32, in run_in_threadpool
    return await anyio.to_thread.run_sync(func)
           ^^^^^^^^^^^^^^^^^^^^^^^^^^^^^^^^^^^^
  File "/home/mysterious/storage/github/CourseGPT-Pro-DSAI-Lab-Group-6/.venv/lib/python3.13/site-packages/anyio/to_thread.py", line 56, in run_sync
    return await get_async_backend().run_sync_in_worker_thread(
           ^^^^^^^^^^^^^^^^^^^^^^^^^^^^^^^^^^^^^^^^^^^^^^^^^^^^
        func, args, abandon_on_cancel=abandon_on_cancel, limiter=limiter
        ^^^^^^^^^^^^^^^^^^^^^^^^^^^^^^^^^^^^^^^^^^^^^^^^^^^^^^^^^^^^^^^^
    )
    ^
  File "/home/mysterious/storage/github/CourseGPT-Pro-DSAI-Lab-Group-6/.venv/lib/python3.13/site-packages/anyio/_backends/_asyncio.py", line 2485, in run_sync_in_worker_thread
    return await future
           ^^^^^^^^^^^^
  File "/home/mysterious/storage/github/CourseGPT-Pro-DSAI-Lab-Group-6/.venv/lib/python3.13/site-packages/anyio/_backends/_asyncio.py", line 976, in run
    result = context.run(func, *args)
  File "/home/mysterious/storage/github/CourseGPT-Pro-DSAI-Lab-Group-6/api/dependencies.py", line 26, in get_r2_service
    return _build_r2_service(settings)
  File "/home/mysterious/storage/github/CourseGPT-Pro-DSAI-Lab-Group-6/api/dependencies.py", line 12, in _build_r2_service
    return R2StorageService(settings=settings)
  File "/home/mysterious/storage/github/CourseGPT-Pro-DSAI-Lab-Group-6/api/services/r2_storage.py", line 25, in __init__
    self.endpoint = settings.cloudflare_r2_endpoint.rstrip("/")
                    ^^^^^^^^^^^^^^^^^^^^^^^^^^^^^^^^^^^^^^
AttributeError: 'NoneType' object has no attribute 'rstrip'
INFO:     127.0.0.1:47156 - "GET /files/?limit=50 HTTP/1.1" 500 Internal Server Error
ERROR:    Exception in ASGI application
Traceback (most recent call last):
  File "/home/mysterious/storage/github/CourseGPT-Pro-DSAI-Lab-Group-6/.venv/lib/python3.13/site-packages/uvicorn/protocols/http/httptools_impl.py", line 409, in run_asgi
    result = await app(  # type: ignore[func-returns-value]
             ^^^^^^^^^^^^^^^^^^^^^^^^^^^^^^^^^^^^^^^^^^^^^^
        self.scope, self.receive, self.send
        ^^^^^^^^^^^^^^^^^^^^^^^^^^^^^^^^^^^
    )
    ^
  File "/home/mysterious/storage/github/CourseGPT-Pro-DSAI-Lab-Group-6/.venv/lib/python3.13/site-packages/uvicorn/middleware/proxy_headers.py", line 60, in __call__
    return await self.app(scope, receive, send)
           ^^^^^^^^^^^^^^^^^^^^^^^^^^^^^^^^^^^^
  File "/home/mysterious/storage/github/CourseGPT-Pro-DSAI-Lab-Group-6/.venv/lib/python3.13/site-packages/fastapi/applications.py", line 1134, in __call__
    await super().__call__(scope, receive, send)
  File "/home/mysterious/storage/github/CourseGPT-Pro-DSAI-Lab-Group-6/.venv/lib/python3.13/site-packages/starlette/applications.py", line 107, in __call__
    await self.middleware_stack(scope, receive, send)
  File "/home/mysterious/storage/github/CourseGPT-Pro-DSAI-Lab-Group-6/.venv/lib/python3.13/site-packages/starlette/middleware/errors.py", line 186, in __call__
    raise exc
  File "/home/mysterious/storage/github/CourseGPT-Pro-DSAI-Lab-Group-6/.venv/lib/python3.13/site-packages/starlette/middleware/errors.py", line 164, in __call__
    await self.app(scope, receive, _send)
  File "/home/mysterious/storage/github/CourseGPT-Pro-DSAI-Lab-Group-6/.venv/lib/python3.13/site-packages/starlette/middleware/exceptions.py", line 63, in __call__
    await wrap_app_handling_exceptions(self.app, conn)(scope, receive, send)
  File "/home/mysterious/storage/github/CourseGPT-Pro-DSAI-Lab-Group-6/.venv/lib/python3.13/site-packages/starlette/_exception_handler.py", line 53, in wrapped_app
    raise exc
  File "/home/mysterious/storage/github/CourseGPT-Pro-DSAI-Lab-Group-6/.venv/lib/python3.13/site-packages/starlette/_exception_handler.py", line 42, in wrapped_app
    await app(scope, receive, sender)
  File "/home/mysterious/storage/github/CourseGPT-Pro-DSAI-Lab-Group-6/.venv/lib/python3.13/site-packages/fastapi/middleware/asyncexitstack.py", line 18, in __call__
    await self.app(scope, receive, send)
  File "/home/mysterious/storage/github/CourseGPT-Pro-DSAI-Lab-Group-6/.venv/lib/python3.13/site-packages/starlette/routing.py", line 716, in __call__
    await self.middleware_stack(scope, receive, send)
  File "/home/mysterious/storage/github/CourseGPT-Pro-DSAI-Lab-Group-6/.venv/lib/python3.13/site-packages/starlette/routing.py", line 736, in app
    await route.handle(scope, receive, send)
  File "/home/mysterious/storage/github/CourseGPT-Pro-DSAI-Lab-Group-6/.venv/lib/python3.13/site-packages/starlette/routing.py", line 290, in handle
    await self.app(scope, receive, send)
  File "/home/mysterious/storage/github/CourseGPT-Pro-DSAI-Lab-Group-6/.venv/lib/python3.13/site-packages/fastapi/routing.py", line 125, in app
    await wrap_app_handling_exceptions(app, request)(scope, receive, send)
  File "/home/mysterious/storage/github/CourseGPT-Pro-DSAI-Lab-Group-6/.venv/lib/python3.13/site-packages/starlette/_exception_handler.py", line 53, in wrapped_app
    raise exc
  File "/home/mysterious/storage/github/CourseGPT-Pro-DSAI-Lab-Group-6/.venv/lib/python3.13/site-packages/starlette/_exception_handler.py", line 42, in wrapped_app
    await app(scope, receive, sender)
  File "/home/mysterious/storage/github/CourseGPT-Pro-DSAI-Lab-Group-6/.venv/lib/python3.13/site-packages/fastapi/routing.py", line 111, in app
    response = await f(request)
               ^^^^^^^^^^^^^^^^
  File "/home/mysterious/storage/github/CourseGPT-Pro-DSAI-Lab-Group-6/.venv/lib/python3.13/site-packages/fastapi/routing.py", line 381, in app
    solved_result = await solve_dependencies(
                    ^^^^^^^^^^^^^^^^^^^^^^^^^
    ...<6 lines>...
    )
    ^
  File "/home/mysterious/storage/github/CourseGPT-Pro-DSAI-Lab-Group-6/.venv/lib/python3.13/site-packages/fastapi/dependencies/utils.py", line 647, in solve_dependencies
    solved = await run_in_threadpool(call, **solved_result.values)
             ^^^^^^^^^^^^^^^^^^^^^^^^^^^^^^^^^^^^^^^^^^^^^^^^^^^^^
  File "/home/mysterious/storage/github/CourseGPT-Pro-DSAI-Lab-Group-6/.venv/lib/python3.13/site-packages/starlette/concurrency.py", line 32, in run_in_threadpool
    return await anyio.to_thread.run_sync(func)
           ^^^^^^^^^^^^^^^^^^^^^^^^^^^^^^^^^^^^
  File "/home/mysterious/storage/github/CourseGPT-Pro-DSAI-Lab-Group-6/.venv/lib/python3.13/site-packages/anyio/to_thread.py", line 56, in run_sync
    return await get_async_backend().run_sync_in_worker_thread(
           ^^^^^^^^^^^^^^^^^^^^^^^^^^^^^^^^^^^^^^^^^^^^^^^^^^^^
        func, args, abandon_on_cancel=abandon_on_cancel, limiter=limiter
        ^^^^^^^^^^^^^^^^^^^^^^^^^^^^^^^^^^^^^^^^^^^^^^^^^^^^^^^^^^^^^^^^
    )
    ^
  File "/home/mysterious/storage/github/CourseGPT-Pro-DSAI-Lab-Group-6/.venv/lib/python3.13/site-packages/anyio/_backends/_asyncio.py", line 2485, in run_sync_in_worker_thread
    return await future
           ^^^^^^^^^^^^
  File "/home/mysterious/storage/github/CourseGPT-Pro-DSAI-Lab-Group-6/.venv/lib/python3.13/site-packages/anyio/_backends/_asyncio.py", line 976, in run
    result = context.run(func, *args)
  File "/home/mysterious/storage/github/CourseGPT-Pro-DSAI-Lab-Group-6/api/dependencies.py", line 26, in get_r2_service
    return _build_r2_service(settings)
  File "/home/mysterious/storage/github/CourseGPT-Pro-DSAI-Lab-Group-6/api/dependencies.py", line 12, in _build_r2_service
    return R2StorageService(settings=settings)
  File "/home/mysterious/storage/github/CourseGPT-Pro-DSAI-Lab-Group-6/api/services/r2_storage.py", line 25, in __init__
    self.endpoint = settings.cloudflare_r2_endpoint.rstrip("/")
                    ^^^^^^^^^^^^^^^^^^^^^^^^^^^^^^^^^^^^^^
AttributeError: 'NoneType' object has no attribute 'rstrip'
INFO:     127.0.0.1:47158 - "GET /files/?limit=50 HTTP/1.1" 500 Internal Server Error
ERROR:    Exception in ASGI application
Traceback (most recent call last):
  File "/home/mysterious/storage/github/CourseGPT-Pro-DSAI-Lab-Group-6/.venv/lib/python3.13/site-packages/uvicorn/protocols/http/httptools_impl.py", line 409, in run_asgi
    result = await app(  # type: ignore[func-returns-value]
             ^^^^^^^^^^^^^^^^^^^^^^^^^^^^^^^^^^^^^^^^^^^^^^
        self.scope, self.receive, self.send
        ^^^^^^^^^^^^^^^^^^^^^^^^^^^^^^^^^^^
    )
    ^
  File "/home/mysterious/storage/github/CourseGPT-Pro-DSAI-Lab-Group-6/.venv/lib/python3.13/site-packages/uvicorn/middleware/proxy_headers.py", line 60, in __call__
    return await self.app(scope, receive, send)
           ^^^^^^^^^^^^^^^^^^^^^^^^^^^^^^^^^^^^
  File "/home/mysterious/storage/github/CourseGPT-Pro-DSAI-Lab-Group-6/.venv/lib/python3.13/site-packages/fastapi/applications.py", line 1134, in __call__
    await super().__call__(scope, receive, send)
  File "/home/mysterious/storage/github/CourseGPT-Pro-DSAI-Lab-Group-6/.venv/lib/python3.13/site-packages/starlette/applications.py", line 107, in __call__
    await self.middleware_stack(scope, receive, send)
  File "/home/mysterious/storage/github/CourseGPT-Pro-DSAI-Lab-Group-6/.venv/lib/python3.13/site-packages/starlette/middleware/errors.py", line 186, in __call__
    raise exc
  File "/home/mysterious/storage/github/CourseGPT-Pro-DSAI-Lab-Group-6/.venv/lib/python3.13/site-packages/starlette/middleware/errors.py", line 164, in __call__
    await self.app(scope, receive, _send)
  File "/home/mysterious/storage/github/CourseGPT-Pro-DSAI-Lab-Group-6/.venv/lib/python3.13/site-packages/starlette/middleware/exceptions.py", line 63, in __call__
    await wrap_app_handling_exceptions(self.app, conn)(scope, receive, send)
  File "/home/mysterious/storage/github/CourseGPT-Pro-DSAI-Lab-Group-6/.venv/lib/python3.13/site-packages/starlette/_exception_handler.py", line 53, in wrapped_app
    raise exc
  File "/home/mysterious/storage/github/CourseGPT-Pro-DSAI-Lab-Group-6/.venv/lib/python3.13/site-packages/starlette/_exception_handler.py", line 42, in wrapped_app
    await app(scope, receive, sender)
  File "/home/mysterious/storage/github/CourseGPT-Pro-DSAI-Lab-Group-6/.venv/lib/python3.13/site-packages/fastapi/middleware/asyncexitstack.py", line 18, in __call__
    await self.app(scope, receive, send)
  File "/home/mysterious/storage/github/CourseGPT-Pro-DSAI-Lab-Group-6/.venv/lib/python3.13/site-packages/starlette/routing.py", line 716, in __call__
    await self.middleware_stack(scope, receive, send)
  File "/home/mysterious/storage/github/CourseGPT-Pro-DSAI-Lab-Group-6/.venv/lib/python3.13/site-packages/starlette/routing.py", line 736, in app
    await route.handle(scope, receive, send)
  File "/home/mysterious/storage/github/CourseGPT-Pro-DSAI-Lab-Group-6/.venv/lib/python3.13/site-packages/starlette/routing.py", line 290, in handle
    await self.app(scope, receive, send)
  File "/home/mysterious/storage/github/CourseGPT-Pro-DSAI-Lab-Group-6/.venv/lib/python3.13/site-packages/fastapi/routing.py", line 125, in app
    await wrap_app_handling_exceptions(app, request)(scope, receive, send)
  File "/home/mysterious/storage/github/CourseGPT-Pro-DSAI-Lab-Group-6/.venv/lib/python3.13/site-packages/starlette/_exception_handler.py", line 53, in wrapped_app
    raise exc
  File "/home/mysterious/storage/github/CourseGPT-Pro-DSAI-Lab-Group-6/.venv/lib/python3.13/site-packages/starlette/_exception_handler.py", line 42, in wrapped_app
    await app(scope, receive, sender)
  File "/home/mysterious/storage/github/CourseGPT-Pro-DSAI-Lab-Group-6/.venv/lib/python3.13/site-packages/fastapi/routing.py", line 111, in app
    response = await f(request)
               ^^^^^^^^^^^^^^^^
  File "/home/mysterious/storage/github/CourseGPT-Pro-DSAI-Lab-Group-6/.venv/lib/python3.13/site-packages/fastapi/routing.py", line 381, in app
    solved_result = await solve_dependencies(
                    ^^^^^^^^^^^^^^^^^^^^^^^^^
    ...<6 lines>...
    )
    ^
  File "/home/mysterious/storage/github/CourseGPT-Pro-DSAI-Lab-Group-6/.venv/lib/python3.13/site-packages/fastapi/dependencies/utils.py", line 647, in solve_dependencies
    solved = await run_in_threadpool(call, **solved_result.values)
             ^^^^^^^^^^^^^^^^^^^^^^^^^^^^^^^^^^^^^^^^^^^^^^^^^^^^^
  File "/home/mysterious/storage/github/CourseGPT-Pro-DSAI-Lab-Group-6/.venv/lib/python3.13/site-packages/starlette/concurrency.py", line 32, in run_in_threadpool
    return await anyio.to_thread.run_sync(func)
           ^^^^^^^^^^^^^^^^^^^^^^^^^^^^^^^^^^^^
  File "/home/mysterious/storage/github/CourseGPT-Pro-DSAI-Lab-Group-6/.venv/lib/python3.13/site-packages/anyio/to_thread.py", line 56, in run_sync
    return await get_async_backend().run_sync_in_worker_thread(
           ^^^^^^^^^^^^^^^^^^^^^^^^^^^^^^^^^^^^^^^^^^^^^^^^^^^^
        func, args, abandon_on_cancel=abandon_on_cancel, limiter=limiter
        ^^^^^^^^^^^^^^^^^^^^^^^^^^^^^^^^^^^^^^^^^^^^^^^^^^^^^^^^^^^^^^^^
    )
    ^
  File "/home/mysterious/storage/github/CourseGPT-Pro-DSAI-Lab-Group-6/.venv/lib/python3.13/site-packages/anyio/_backends/_asyncio.py", line 2485, in run_sync_in_worker_thread
    return await future
           ^^^^^^^^^^^^
  File "/home/mysterious/storage/github/CourseGPT-Pro-DSAI-Lab-Group-6/.venv/lib/python3.13/site-packages/anyio/_backends/_asyncio.py", line 976, in run
    result = context.run(func, *args)
  File "/home/mysterious/storage/github/CourseGPT-Pro-DSAI-Lab-Group-6/api/dependencies.py", line 26, in get_r2_service
    return _build_r2_service(settings)
  File "/home/mysterious/storage/github/CourseGPT-Pro-DSAI-Lab-Group-6/api/dependencies.py", line 12, in _build_r2_service
    return R2StorageService(settings=settings)
  File "/home/mysterious/storage/github/CourseGPT-Pro-DSAI-Lab-Group-6/api/services/r2_storage.py", line 25, in __init__
    self.endpoint = settings.cloudflare_r2_endpoint.rstrip("/")
                    ^^^^^^^^^^^^^^^^^^^^^^^^^^^^^^^^^^^^^^
AttributeError: 'NoneType' object has no attribute 'rstrip'
INFO:     127.0.0.1:47168 - "GET /files/?limit=50 HTTP/1.1" 500 Internal Server Error
ERROR:    Exception in ASGI application
Traceback (most recent call last):
  File "/home/mysterious/storage/github/CourseGPT-Pro-DSAI-Lab-Group-6/.venv/lib/python3.13/site-packages/uvicorn/protocols/http/httptools_impl.py", line 409, in run_asgi
    result = await app(  # type: ignore[func-returns-value]
             ^^^^^^^^^^^^^^^^^^^^^^^^^^^^^^^^^^^^^^^^^^^^^^
        self.scope, self.receive, self.send
        ^^^^^^^^^^^^^^^^^^^^^^^^^^^^^^^^^^^
    )
    ^
  File "/home/mysterious/storage/github/CourseGPT-Pro-DSAI-Lab-Group-6/.venv/lib/python3.13/site-packages/uvicorn/middleware/proxy_headers.py", line 60, in __call__
    return await self.app(scope, receive, send)
           ^^^^^^^^^^^^^^^^^^^^^^^^^^^^^^^^^^^^
  File "/home/mysterious/storage/github/CourseGPT-Pro-DSAI-Lab-Group-6/.venv/lib/python3.13/site-packages/fastapi/applications.py", line 1134, in __call__
    await super().__call__(scope, receive, send)
  File "/home/mysterious/storage/github/CourseGPT-Pro-DSAI-Lab-Group-6/.venv/lib/python3.13/site-packages/starlette/applications.py", line 107, in __call__
    await self.middleware_stack(scope, receive, send)
  File "/home/mysterious/storage/github/CourseGPT-Pro-DSAI-Lab-Group-6/.venv/lib/python3.13/site-packages/starlette/middleware/errors.py", line 186, in __call__
    raise exc
  File "/home/mysterious/storage/github/CourseGPT-Pro-DSAI-Lab-Group-6/.venv/lib/python3.13/site-packages/starlette/middleware/errors.py", line 164, in __call__
    await self.app(scope, receive, _send)
  File "/home/mysterious/storage/github/CourseGPT-Pro-DSAI-Lab-Group-6/.venv/lib/python3.13/site-packages/starlette/middleware/exceptions.py", line 63, in __call__
    await wrap_app_handling_exceptions(self.app, conn)(scope, receive, send)
  File "/home/mysterious/storage/github/CourseGPT-Pro-DSAI-Lab-Group-6/.venv/lib/python3.13/site-packages/starlette/_exception_handler.py", line 53, in wrapped_app
    raise exc
  File "/home/mysterious/storage/github/CourseGPT-Pro-DSAI-Lab-Group-6/.venv/lib/python3.13/site-packages/starlette/_exception_handler.py", line 42, in wrapped_app
    await app(scope, receive, sender)
  File "/home/mysterious/storage/github/CourseGPT-Pro-DSAI-Lab-Group-6/.venv/lib/python3.13/site-packages/fastapi/middleware/asyncexitstack.py", line 18, in __call__
    await self.app(scope, receive, send)
  File "/home/mysterious/storage/github/CourseGPT-Pro-DSAI-Lab-Group-6/.venv/lib/python3.13/site-packages/starlette/routing.py", line 716, in __call__
    await self.middleware_stack(scope, receive, send)
  File "/home/mysterious/storage/github/CourseGPT-Pro-DSAI-Lab-Group-6/.venv/lib/python3.13/site-packages/starlette/routing.py", line 736, in app
    await route.handle(scope, receive, send)
  File "/home/mysterious/storage/github/CourseGPT-Pro-DSAI-Lab-Group-6/.venv/lib/python3.13/site-packages/starlette/routing.py", line 290, in handle
    await self.app(scope, receive, send)
  File "/home/mysterious/storage/github/CourseGPT-Pro-DSAI-Lab-Group-6/.venv/lib/python3.13/site-packages/fastapi/routing.py", line 125, in app
    await wrap_app_handling_exceptions(app, request)(scope, receive, send)
  File "/home/mysterious/storage/github/CourseGPT-Pro-DSAI-Lab-Group-6/.venv/lib/python3.13/site-packages/starlette/_exception_handler.py", line 53, in wrapped_app
    raise exc
  File "/home/mysterious/storage/github/CourseGPT-Pro-DSAI-Lab-Group-6/.venv/lib/python3.13/site-packages/starlette/_exception_handler.py", line 42, in wrapped_app
    await app(scope, receive, sender)
  File "/home/mysterious/storage/github/CourseGPT-Pro-DSAI-Lab-Group-6/.venv/lib/python3.13/site-packages/fastapi/routing.py", line 111, in app
    response = await f(request)
               ^^^^^^^^^^^^^^^^
  File "/home/mysterious/storage/github/CourseGPT-Pro-DSAI-Lab-Group-6/.venv/lib/python3.13/site-packages/fastapi/routing.py", line 381, in app
    solved_result = await solve_dependencies(
                    ^^^^^^^^^^^^^^^^^^^^^^^^^
    ...<6 lines>...
    )
    ^
  File "/home/mysterious/storage/github/CourseGPT-Pro-DSAI-Lab-Group-6/.venv/lib/python3.13/site-packages/fastapi/dependencies/utils.py", line 647, in solve_dependencies
    solved = await run_in_threadpool(call, **solved_result.values)
             ^^^^^^^^^^^^^^^^^^^^^^^^^^^^^^^^^^^^^^^^^^^^^^^^^^^^^
  File "/home/mysterious/storage/github/CourseGPT-Pro-DSAI-Lab-Group-6/.venv/lib/python3.13/site-packages/starlette/concurrency.py", line 32, in run_in_threadpool
    return await anyio.to_thread.run_sync(func)
           ^^^^^^^^^^^^^^^^^^^^^^^^^^^^^^^^^^^^
  File "/home/mysterious/storage/github/CourseGPT-Pro-DSAI-Lab-Group-6/.venv/lib/python3.13/site-packages/anyio/to_thread.py", line 56, in run_sync
    return await get_async_backend().run_sync_in_worker_thread(
           ^^^^^^^^^^^^^^^^^^^^^^^^^^^^^^^^^^^^^^^^^^^^^^^^^^^^
        func, args, abandon_on_cancel=abandon_on_cancel, limiter=limiter
        ^^^^^^^^^^^^^^^^^^^^^^^^^^^^^^^^^^^^^^^^^^^^^^^^^^^^^^^^^^^^^^^^
    )
    ^
  File "/home/mysterious/storage/github/CourseGPT-Pro-DSAI-Lab-Group-6/.venv/lib/python3.13/site-packages/anyio/_backends/_asyncio.py", line 2485, in run_sync_in_worker_thread
    return await future
           ^^^^^^^^^^^^
  File "/home/mysterious/storage/github/CourseGPT-Pro-DSAI-Lab-Group-6/.venv/lib/python3.13/site-packages/anyio/_backends/_asyncio.py", line 976, in run
    result = context.run(func, *args)
  File "/home/mysterious/storage/github/CourseGPT-Pro-DSAI-Lab-Group-6/api/dependencies.py", line 26, in get_r2_service
    return _build_r2_service(settings)
  File "/home/mysterious/storage/github/CourseGPT-Pro-DSAI-Lab-Group-6/api/dependencies.py", line 12, in _build_r2_service
    return R2StorageService(settings=settings)
  File "/home/mysterious/storage/github/CourseGPT-Pro-DSAI-Lab-Group-6/api/services/r2_storage.py", line 25, in __init__
    self.endpoint = settings.cloudflare_r2_endpoint.rstrip("/")
                    ^^^^^^^^^^^^^^^^^^^^^^^^^^^^^^^^^^^^^^
AttributeError: 'NoneType' object has no attribute 'rstrip'
INFO:     127.0.0.1:43714 - "GET /files/?limit=50 HTTP/1.1" 500 Internal Server Error
ERROR:    Exception in ASGI application
Traceback (most recent call last):
  File "/home/mysterious/storage/github/CourseGPT-Pro-DSAI-Lab-Group-6/.venv/lib/python3.13/site-packages/uvicorn/protocols/http/httptools_impl.py", line 409, in run_asgi
    result = await app(  # type: ignore[func-returns-value]
             ^^^^^^^^^^^^^^^^^^^^^^^^^^^^^^^^^^^^^^^^^^^^^^
        self.scope, self.receive, self.send
        ^^^^^^^^^^^^^^^^^^^^^^^^^^^^^^^^^^^
    )
    ^
  File "/home/mysterious/storage/github/CourseGPT-Pro-DSAI-Lab-Group-6/.venv/lib/python3.13/site-packages/uvicorn/middleware/proxy_headers.py", line 60, in __call__
    return await self.app(scope, receive, send)
           ^^^^^^^^^^^^^^^^^^^^^^^^^^^^^^^^^^^^
  File "/home/mysterious/storage/github/CourseGPT-Pro-DSAI-Lab-Group-6/.venv/lib/python3.13/site-packages/fastapi/applications.py", line 1134, in __call__
    await super().__call__(scope, receive, send)
  File "/home/mysterious/storage/github/CourseGPT-Pro-DSAI-Lab-Group-6/.venv/lib/python3.13/site-packages/starlette/applications.py", line 107, in __call__
    await self.middleware_stack(scope, receive, send)
  File "/home/mysterious/storage/github/CourseGPT-Pro-DSAI-Lab-Group-6/.venv/lib/python3.13/site-packages/starlette/middleware/errors.py", line 186, in __call__
    raise exc
  File "/home/mysterious/storage/github/CourseGPT-Pro-DSAI-Lab-Group-6/.venv/lib/python3.13/site-packages/starlette/middleware/errors.py", line 164, in __call__
    await self.app(scope, receive, _send)
  File "/home/mysterious/storage/github/CourseGPT-Pro-DSAI-Lab-Group-6/.venv/lib/python3.13/site-packages/starlette/middleware/exceptions.py", line 63, in __call__
    await wrap_app_handling_exceptions(self.app, conn)(scope, receive, send)
  File "/home/mysterious/storage/github/CourseGPT-Pro-DSAI-Lab-Group-6/.venv/lib/python3.13/site-packages/starlette/_exception_handler.py", line 53, in wrapped_app
    raise exc
  File "/home/mysterious/storage/github/CourseGPT-Pro-DSAI-Lab-Group-6/.venv/lib/python3.13/site-packages/starlette/_exception_handler.py", line 42, in wrapped_app
    await app(scope, receive, sender)
  File "/home/mysterious/storage/github/CourseGPT-Pro-DSAI-Lab-Group-6/.venv/lib/python3.13/site-packages/fastapi/middleware/asyncexitstack.py", line 18, in __call__
    await self.app(scope, receive, send)
  File "/home/mysterious/storage/github/CourseGPT-Pro-DSAI-Lab-Group-6/.venv/lib/python3.13/site-packages/starlette/routing.py", line 716, in __call__
    await self.middleware_stack(scope, receive, send)
  File "/home/mysterious/storage/github/CourseGPT-Pro-DSAI-Lab-Group-6/.venv/lib/python3.13/site-packages/starlette/routing.py", line 736, in app
    await route.handle(scope, receive, send)
  File "/home/mysterious/storage/github/CourseGPT-Pro-DSAI-Lab-Group-6/.venv/lib/python3.13/site-packages/starlette/routing.py", line 290, in handle
    await self.app(scope, receive, send)
  File "/home/mysterious/storage/github/CourseGPT-Pro-DSAI-Lab-Group-6/.venv/lib/python3.13/site-packages/fastapi/routing.py", line 125, in app
    await wrap_app_handling_exceptions(app, request)(scope, receive, send)
  File "/home/mysterious/storage/github/CourseGPT-Pro-DSAI-Lab-Group-6/.venv/lib/python3.13/site-packages/starlette/_exception_handler.py", line 53, in wrapped_app
    raise exc
  File "/home/mysterious/storage/github/CourseGPT-Pro-DSAI-Lab-Group-6/.venv/lib/python3.13/site-packages/starlette/_exception_handler.py", line 42, in wrapped_app
    await app(scope, receive, sender)
  File "/home/mysterious/storage/github/CourseGPT-Pro-DSAI-Lab-Group-6/.venv/lib/python3.13/site-packages/fastapi/routing.py", line 111, in app
    response = await f(request)
               ^^^^^^^^^^^^^^^^
  File "/home/mysterious/storage/github/CourseGPT-Pro-DSAI-Lab-Group-6/.venv/lib/python3.13/site-packages/fastapi/routing.py", line 381, in app
    solved_result = await solve_dependencies(
                    ^^^^^^^^^^^^^^^^^^^^^^^^^
    ...<6 lines>...
    )
    ^
  File "/home/mysterious/storage/github/CourseGPT-Pro-DSAI-Lab-Group-6/.venv/lib/python3.13/site-packages/fastapi/dependencies/utils.py", line 647, in solve_dependencies
    solved = await run_in_threadpool(call, **solved_result.values)
             ^^^^^^^^^^^^^^^^^^^^^^^^^^^^^^^^^^^^^^^^^^^^^^^^^^^^^
  File "/home/mysterious/storage/github/CourseGPT-Pro-DSAI-Lab-Group-6/.venv/lib/python3.13/site-packages/starlette/concurrency.py", line 32, in run_in_threadpool
    return await anyio.to_thread.run_sync(func)
           ^^^^^^^^^^^^^^^^^^^^^^^^^^^^^^^^^^^^
  File "/home/mysterious/storage/github/CourseGPT-Pro-DSAI-Lab-Group-6/.venv/lib/python3.13/site-packages/anyio/to_thread.py", line 56, in run_sync
    return await get_async_backend().run_sync_in_worker_thread(
           ^^^^^^^^^^^^^^^^^^^^^^^^^^^^^^^^^^^^^^^^^^^^^^^^^^^^
        func, args, abandon_on_cancel=abandon_on_cancel, limiter=limiter
        ^^^^^^^^^^^^^^^^^^^^^^^^^^^^^^^^^^^^^^^^^^^^^^^^^^^^^^^^^^^^^^^^
    )
    ^
  File "/home/mysterious/storage/github/CourseGPT-Pro-DSAI-Lab-Group-6/.venv/lib/python3.13/site-packages/anyio/_backends/_asyncio.py", line 2485, in run_sync_in_worker_thread
    return await future
           ^^^^^^^^^^^^
  File "/home/mysterious/storage/github/CourseGPT-Pro-DSAI-Lab-Group-6/.venv/lib/python3.13/site-packages/anyio/_backends/_asyncio.py", line 976, in run
    result = context.run(func, *args)
  File "/home/mysterious/storage/github/CourseGPT-Pro-DSAI-Lab-Group-6/api/dependencies.py", line 26, in get_r2_service
    return _build_r2_service(settings)
  File "/home/mysterious/storage/github/CourseGPT-Pro-DSAI-Lab-Group-6/api/dependencies.py", line 12, in _build_r2_service
    return R2StorageService(settings=settings)
  File "/home/mysterious/storage/github/CourseGPT-Pro-DSAI-Lab-Group-6/api/services/r2_storage.py", line 25, in __init__
    self.endpoint = settings.cloudflare_r2_endpoint.rstrip("/")
                    ^^^^^^^^^^^^^^^^^^^^^^^^^^^^^^^^^^^^^^
AttributeError: 'NoneType' object has no attribute 'rstrip'
INFO:     127.0.0.1:43722 - "GET /files/?limit=50 HTTP/1.1" 500 Internal Server Error
ERROR:    Exception in ASGI application
Traceback (most recent call last):
  File "/home/mysterious/storage/github/CourseGPT-Pro-DSAI-Lab-Group-6/.venv/lib/python3.13/site-packages/uvicorn/protocols/http/httptools_impl.py", line 409, in run_asgi
    result = await app(  # type: ignore[func-returns-value]
             ^^^^^^^^^^^^^^^^^^^^^^^^^^^^^^^^^^^^^^^^^^^^^^
        self.scope, self.receive, self.send
        ^^^^^^^^^^^^^^^^^^^^^^^^^^^^^^^^^^^
    )
    ^
  File "/home/mysterious/storage/github/CourseGPT-Pro-DSAI-Lab-Group-6/.venv/lib/python3.13/site-packages/uvicorn/middleware/proxy_headers.py", line 60, in __call__
    return await self.app(scope, receive, send)
           ^^^^^^^^^^^^^^^^^^^^^^^^^^^^^^^^^^^^
  File "/home/mysterious/storage/github/CourseGPT-Pro-DSAI-Lab-Group-6/.venv/lib/python3.13/site-packages/fastapi/applications.py", line 1134, in __call__
    await super().__call__(scope, receive, send)
  File "/home/mysterious/storage/github/CourseGPT-Pro-DSAI-Lab-Group-6/.venv/lib/python3.13/site-packages/starlette/applications.py", line 107, in __call__
    await self.middleware_stack(scope, receive, send)
  File "/home/mysterious/storage/github/CourseGPT-Pro-DSAI-Lab-Group-6/.venv/lib/python3.13/site-packages/starlette/middleware/errors.py", line 186, in __call__
    raise exc
  File "/home/mysterious/storage/github/CourseGPT-Pro-DSAI-Lab-Group-6/.venv/lib/python3.13/site-packages/starlette/middleware/errors.py", line 164, in __call__
    await self.app(scope, receive, _send)
  File "/home/mysterious/storage/github/CourseGPT-Pro-DSAI-Lab-Group-6/.venv/lib/python3.13/site-packages/starlette/middleware/exceptions.py", line 63, in __call__
    await wrap_app_handling_exceptions(self.app, conn)(scope, receive, send)
  File "/home/mysterious/storage/github/CourseGPT-Pro-DSAI-Lab-Group-6/.venv/lib/python3.13/site-packages/starlette/_exception_handler.py", line 53, in wrapped_app
    raise exc
  File "/home/mysterious/storage/github/CourseGPT-Pro-DSAI-Lab-Group-6/.venv/lib/python3.13/site-packages/starlette/_exception_handler.py", line 42, in wrapped_app
    await app(scope, receive, sender)
  File "/home/mysterious/storage/github/CourseGPT-Pro-DSAI-Lab-Group-6/.venv/lib/python3.13/site-packages/fastapi/middleware/asyncexitstack.py", line 18, in __call__
    await self.app(scope, receive, send)
  File "/home/mysterious/storage/github/CourseGPT-Pro-DSAI-Lab-Group-6/.venv/lib/python3.13/site-packages/starlette/routing.py", line 716, in __call__
    await self.middleware_stack(scope, receive, send)
  File "/home/mysterious/storage/github/CourseGPT-Pro-DSAI-Lab-Group-6/.venv/lib/python3.13/site-packages/starlette/routing.py", line 736, in app
    await route.handle(scope, receive, send)
  File "/home/mysterious/storage/github/CourseGPT-Pro-DSAI-Lab-Group-6/.venv/lib/python3.13/site-packages/starlette/routing.py", line 290, in handle
    await self.app(scope, receive, send)
  File "/home/mysterious/storage/github/CourseGPT-Pro-DSAI-Lab-Group-6/.venv/lib/python3.13/site-packages/fastapi/routing.py", line 125, in app
    await wrap_app_handling_exceptions(app, request)(scope, receive, send)
  File "/home/mysterious/storage/github/CourseGPT-Pro-DSAI-Lab-Group-6/.venv/lib/python3.13/site-packages/starlette/_exception_handler.py", line 53, in wrapped_app
    raise exc
  File "/home/mysterious/storage/github/CourseGPT-Pro-DSAI-Lab-Group-6/.venv/lib/python3.13/site-packages/starlette/_exception_handler.py", line 42, in wrapped_app
    await app(scope, receive, sender)
  File "/home/mysterious/storage/github/CourseGPT-Pro-DSAI-Lab-Group-6/.venv/lib/python3.13/site-packages/fastapi/routing.py", line 111, in app
    response = await f(request)
               ^^^^^^^^^^^^^^^^
  File "/home/mysterious/storage/github/CourseGPT-Pro-DSAI-Lab-Group-6/.venv/lib/python3.13/site-packages/fastapi/routing.py", line 381, in app
    solved_result = await solve_dependencies(
                    ^^^^^^^^^^^^^^^^^^^^^^^^^
    ...<6 lines>...
    )
    ^
  File "/home/mysterious/storage/github/CourseGPT-Pro-DSAI-Lab-Group-6/.venv/lib/python3.13/site-packages/fastapi/dependencies/utils.py", line 647, in solve_dependencies
    solved = await run_in_threadpool(call, **solved_result.values)
             ^^^^^^^^^^^^^^^^^^^^^^^^^^^^^^^^^^^^^^^^^^^^^^^^^^^^^
  File "/home/mysterious/storage/github/CourseGPT-Pro-DSAI-Lab-Group-6/.venv/lib/python3.13/site-packages/starlette/concurrency.py", line 32, in run_in_threadpool
    return await anyio.to_thread.run_sync(func)
           ^^^^^^^^^^^^^^^^^^^^^^^^^^^^^^^^^^^^
  File "/home/mysterious/storage/github/CourseGPT-Pro-DSAI-Lab-Group-6/.venv/lib/python3.13/site-packages/anyio/to_thread.py", line 56, in run_sync
    return await get_async_backend().run_sync_in_worker_thread(
           ^^^^^^^^^^^^^^^^^^^^^^^^^^^^^^^^^^^^^^^^^^^^^^^^^^^^
        func, args, abandon_on_cancel=abandon_on_cancel, limiter=limiter
        ^^^^^^^^^^^^^^^^^^^^^^^^^^^^^^^^^^^^^^^^^^^^^^^^^^^^^^^^^^^^^^^^
    )
    ^
  File "/home/mysterious/storage/github/CourseGPT-Pro-DSAI-Lab-Group-6/.venv/lib/python3.13/site-packages/anyio/_backends/_asyncio.py", line 2485, in run_sync_in_worker_thread
    return await future
           ^^^^^^^^^^^^
  File "/home/mysterious/storage/github/CourseGPT-Pro-DSAI-Lab-Group-6/.venv/lib/python3.13/site-packages/anyio/_backends/_asyncio.py", line 976, in run
    result = context.run(func, *args)
  File "/home/mysterious/storage/github/CourseGPT-Pro-DSAI-Lab-Group-6/api/dependencies.py", line 26, in get_r2_service
    return _build_r2_service(settings)
  File "/home/mysterious/storage/github/CourseGPT-Pro-DSAI-Lab-Group-6/api/dependencies.py", line 12, in _build_r2_service
    return R2StorageService(settings=settings)
  File "/home/mysterious/storage/github/CourseGPT-Pro-DSAI-Lab-Group-6/api/services/r2_storage.py", line 25, in __init__
    self.endpoint = settings.cloudflare_r2_endpoint.rstrip("/")
                    ^^^^^^^^^^^^^^^^^^^^^^^^^^^^^^^^^^^^^^
AttributeError: 'NoneType' object has no attribute 'rstrip'
INFO:     127.0.0.1:43726 - "GET /files/?limit=50 HTTP/1.1" 500 Internal Server Error
ERROR:    Exception in ASGI application
Traceback (most recent call last):
  File "/home/mysterious/storage/github/CourseGPT-Pro-DSAI-Lab-Group-6/.venv/lib/python3.13/site-packages/uvicorn/protocols/http/httptools_impl.py", line 409, in run_asgi
    result = await app(  # type: ignore[func-returns-value]
             ^^^^^^^^^^^^^^^^^^^^^^^^^^^^^^^^^^^^^^^^^^^^^^
        self.scope, self.receive, self.send
        ^^^^^^^^^^^^^^^^^^^^^^^^^^^^^^^^^^^
    )
    ^
  File "/home/mysterious/storage/github/CourseGPT-Pro-DSAI-Lab-Group-6/.venv/lib/python3.13/site-packages/uvicorn/middleware/proxy_headers.py", line 60, in __call__
    return await self.app(scope, receive, send)
           ^^^^^^^^^^^^^^^^^^^^^^^^^^^^^^^^^^^^
  File "/home/mysterious/storage/github/CourseGPT-Pro-DSAI-Lab-Group-6/.venv/lib/python3.13/site-packages/fastapi/applications.py", line 1134, in __call__
    await super().__call__(scope, receive, send)
  File "/home/mysterious/storage/github/CourseGPT-Pro-DSAI-Lab-Group-6/.venv/lib/python3.13/site-packages/starlette/applications.py", line 107, in __call__
    await self.middleware_stack(scope, receive, send)
  File "/home/mysterious/storage/github/CourseGPT-Pro-DSAI-Lab-Group-6/.venv/lib/python3.13/site-packages/starlette/middleware/errors.py", line 186, in __call__
    raise exc
  File "/home/mysterious/storage/github/CourseGPT-Pro-DSAI-Lab-Group-6/.venv/lib/python3.13/site-packages/starlette/middleware/errors.py", line 164, in __call__
    await self.app(scope, receive, _send)
  File "/home/mysterious/storage/github/CourseGPT-Pro-DSAI-Lab-Group-6/.venv/lib/python3.13/site-packages/starlette/middleware/exceptions.py", line 63, in __call__
    await wrap_app_handling_exceptions(self.app, conn)(scope, receive, send)
  File "/home/mysterious/storage/github/CourseGPT-Pro-DSAI-Lab-Group-6/.venv/lib/python3.13/site-packages/starlette/_exception_handler.py", line 53, in wrapped_app
    raise exc
  File "/home/mysterious/storage/github/CourseGPT-Pro-DSAI-Lab-Group-6/.venv/lib/python3.13/site-packages/starlette/_exception_handler.py", line 42, in wrapped_app
    await app(scope, receive, sender)
  File "/home/mysterious/storage/github/CourseGPT-Pro-DSAI-Lab-Group-6/.venv/lib/python3.13/site-packages/fastapi/middleware/asyncexitstack.py", line 18, in __call__
    await self.app(scope, receive, send)
  File "/home/mysterious/storage/github/CourseGPT-Pro-DSAI-Lab-Group-6/.venv/lib/python3.13/site-packages/starlette/routing.py", line 716, in __call__
    await self.middleware_stack(scope, receive, send)
  File "/home/mysterious/storage/github/CourseGPT-Pro-DSAI-Lab-Group-6/.venv/lib/python3.13/site-packages/starlette/routing.py", line 736, in app
    await route.handle(scope, receive, send)
  File "/home/mysterious/storage/github/CourseGPT-Pro-DSAI-Lab-Group-6/.venv/lib/python3.13/site-packages/starlette/routing.py", line 290, in handle
    await self.app(scope, receive, send)
  File "/home/mysterious/storage/github/CourseGPT-Pro-DSAI-Lab-Group-6/.venv/lib/python3.13/site-packages/fastapi/routing.py", line 125, in app
    await wrap_app_handling_exceptions(app, request)(scope, receive, send)
  File "/home/mysterious/storage/github/CourseGPT-Pro-DSAI-Lab-Group-6/.venv/lib/python3.13/site-packages/starlette/_exception_handler.py", line 53, in wrapped_app
    raise exc
  File "/home/mysterious/storage/github/CourseGPT-Pro-DSAI-Lab-Group-6/.venv/lib/python3.13/site-packages/starlette/_exception_handler.py", line 42, in wrapped_app
    await app(scope, receive, sender)
  File "/home/mysterious/storage/github/CourseGPT-Pro-DSAI-Lab-Group-6/.venv/lib/python3.13/site-packages/fastapi/routing.py", line 111, in app
    response = await f(request)
               ^^^^^^^^^^^^^^^^
  File "/home/mysterious/storage/github/CourseGPT-Pro-DSAI-Lab-Group-6/.venv/lib/python3.13/site-packages/fastapi/routing.py", line 381, in app
    solved_result = await solve_dependencies(
                    ^^^^^^^^^^^^^^^^^^^^^^^^^
    ...<6 lines>...
    )
    ^
  File "/home/mysterious/storage/github/CourseGPT-Pro-DSAI-Lab-Group-6/.venv/lib/python3.13/site-packages/fastapi/dependencies/utils.py", line 647, in solve_dependencies
    solved = await run_in_threadpool(call, **solved_result.values)
             ^^^^^^^^^^^^^^^^^^^^^^^^^^^^^^^^^^^^^^^^^^^^^^^^^^^^^
  File "/home/mysterious/storage/github/CourseGPT-Pro-DSAI-Lab-Group-6/.venv/lib/python3.13/site-packages/starlette/concurrency.py", line 32, in run_in_threadpool
    return await anyio.to_thread.run_sync(func)
           ^^^^^^^^^^^^^^^^^^^^^^^^^^^^^^^^^^^^
  File "/home/mysterious/storage/github/CourseGPT-Pro-DSAI-Lab-Group-6/.venv/lib/python3.13/site-packages/anyio/to_thread.py", line 56, in run_sync
    return await get_async_backend().run_sync_in_worker_thread(
           ^^^^^^^^^^^^^^^^^^^^^^^^^^^^^^^^^^^^^^^^^^^^^^^^^^^^
        func, args, abandon_on_cancel=abandon_on_cancel, limiter=limiter
        ^^^^^^^^^^^^^^^^^^^^^^^^^^^^^^^^^^^^^^^^^^^^^^^^^^^^^^^^^^^^^^^^
    )
    ^
  File "/home/mysterious/storage/github/CourseGPT-Pro-DSAI-Lab-Group-6/.venv/lib/python3.13/site-packages/anyio/_backends/_asyncio.py", line 2485, in run_sync_in_worker_thread
    return await future
           ^^^^^^^^^^^^
  File "/home/mysterious/storage/github/CourseGPT-Pro-DSAI-Lab-Group-6/.venv/lib/python3.13/site-packages/anyio/_backends/_asyncio.py", line 976, in run
    result = context.run(func, *args)
  File "/home/mysterious/storage/github/CourseGPT-Pro-DSAI-Lab-Group-6/api/dependencies.py", line 26, in get_r2_service
    return _build_r2_service(settings)
  File "/home/mysterious/storage/github/CourseGPT-Pro-DSAI-Lab-Group-6/api/dependencies.py", line 12, in _build_r2_service
    return R2StorageService(settings=settings)
  File "/home/mysterious/storage/github/CourseGPT-Pro-DSAI-Lab-Group-6/api/services/r2_storage.py", line 25, in __init__
    self.endpoint = settings.cloudflare_r2_endpoint.rstrip("/")
                    ^^^^^^^^^^^^^^^^^^^^^^^^^^^^^^^^^^^^^^
AttributeError: 'NoneType' object has no attribute 'rstrip'
INFO:     127.0.0.1:43742 - "GET /files/?limit=50 HTTP/1.1" 500 Internal Server Error
ERROR:    Exception in ASGI application
Traceback (most recent call last):
  File "/home/mysterious/storage/github/CourseGPT-Pro-DSAI-Lab-Group-6/.venv/lib/python3.13/site-packages/uvicorn/protocols/http/httptools_impl.py", line 409, in run_asgi
    result = await app(  # type: ignore[func-returns-value]
             ^^^^^^^^^^^^^^^^^^^^^^^^^^^^^^^^^^^^^^^^^^^^^^
        self.scope, self.receive, self.send
        ^^^^^^^^^^^^^^^^^^^^^^^^^^^^^^^^^^^
    )
    ^
  File "/home/mysterious/storage/github/CourseGPT-Pro-DSAI-Lab-Group-6/.venv/lib/python3.13/site-packages/uvicorn/middleware/proxy_headers.py", line 60, in __call__
    return await self.app(scope, receive, send)
           ^^^^^^^^^^^^^^^^^^^^^^^^^^^^^^^^^^^^
  File "/home/mysterious/storage/github/CourseGPT-Pro-DSAI-Lab-Group-6/.venv/lib/python3.13/site-packages/fastapi/applications.py", line 1134, in __call__
    await super().__call__(scope, receive, send)
  File "/home/mysterious/storage/github/CourseGPT-Pro-DSAI-Lab-Group-6/.venv/lib/python3.13/site-packages/starlette/applications.py", line 107, in __call__
    await self.middleware_stack(scope, receive, send)
  File "/home/mysterious/storage/github/CourseGPT-Pro-DSAI-Lab-Group-6/.venv/lib/python3.13/site-packages/starlette/middleware/errors.py", line 186, in __call__
    raise exc
  File "/home/mysterious/storage/github/CourseGPT-Pro-DSAI-Lab-Group-6/.venv/lib/python3.13/site-packages/starlette/middleware/errors.py", line 164, in __call__
    await self.app(scope, receive, _send)
  File "/home/mysterious/storage/github/CourseGPT-Pro-DSAI-Lab-Group-6/.venv/lib/python3.13/site-packages/starlette/middleware/exceptions.py", line 63, in __call__
    await wrap_app_handling_exceptions(self.app, conn)(scope, receive, send)
  File "/home/mysterious/storage/github/CourseGPT-Pro-DSAI-Lab-Group-6/.venv/lib/python3.13/site-packages/starlette/_exception_handler.py", line 53, in wrapped_app
    raise exc
  File "/home/mysterious/storage/github/CourseGPT-Pro-DSAI-Lab-Group-6/.venv/lib/python3.13/site-packages/starlette/_exception_handler.py", line 42, in wrapped_app
    await app(scope, receive, sender)
  File "/home/mysterious/storage/github/CourseGPT-Pro-DSAI-Lab-Group-6/.venv/lib/python3.13/site-packages/fastapi/middleware/asyncexitstack.py", line 18, in __call__
    await self.app(scope, receive, send)
  File "/home/mysterious/storage/github/CourseGPT-Pro-DSAI-Lab-Group-6/.venv/lib/python3.13/site-packages/starlette/routing.py", line 716, in __call__
    await self.middleware_stack(scope, receive, send)
  File "/home/mysterious/storage/github/CourseGPT-Pro-DSAI-Lab-Group-6/.venv/lib/python3.13/site-packages/starlette/routing.py", line 736, in app
    await route.handle(scope, receive, send)
  File "/home/mysterious/storage/github/CourseGPT-Pro-DSAI-Lab-Group-6/.venv/lib/python3.13/site-packages/starlette/routing.py", line 290, in handle
    await self.app(scope, receive, send)
  File "/home/mysterious/storage/github/CourseGPT-Pro-DSAI-Lab-Group-6/.venv/lib/python3.13/site-packages/fastapi/routing.py", line 125, in app
    await wrap_app_handling_exceptions(app, request)(scope, receive, send)
  File "/home/mysterious/storage/github/CourseGPT-Pro-DSAI-Lab-Group-6/.venv/lib/python3.13/site-packages/starlette/_exception_handler.py", line 53, in wrapped_app
    raise exc
  File "/home/mysterious/storage/github/CourseGPT-Pro-DSAI-Lab-Group-6/.venv/lib/python3.13/site-packages/starlette/_exception_handler.py", line 42, in wrapped_app
    await app(scope, receive, sender)
  File "/home/mysterious/storage/github/CourseGPT-Pro-DSAI-Lab-Group-6/.venv/lib/python3.13/site-packages/fastapi/routing.py", line 111, in app
    response = await f(request)
               ^^^^^^^^^^^^^^^^
  File "/home/mysterious/storage/github/CourseGPT-Pro-DSAI-Lab-Group-6/.venv/lib/python3.13/site-packages/fastapi/routing.py", line 381, in app
    solved_result = await solve_dependencies(
                    ^^^^^^^^^^^^^^^^^^^^^^^^^
    ...<6 lines>...
    )
    ^
  File "/home/mysterious/storage/github/CourseGPT-Pro-DSAI-Lab-Group-6/.venv/lib/python3.13/site-packages/fastapi/dependencies/utils.py", line 647, in solve_dependencies
    solved = await run_in_threadpool(call, **solved_result.values)
             ^^^^^^^^^^^^^^^^^^^^^^^^^^^^^^^^^^^^^^^^^^^^^^^^^^^^^
  File "/home/mysterious/storage/github/CourseGPT-Pro-DSAI-Lab-Group-6/.venv/lib/python3.13/site-packages/starlette/concurrency.py", line 32, in run_in_threadpool
    return await anyio.to_thread.run_sync(func)
           ^^^^^^^^^^^^^^^^^^^^^^^^^^^^^^^^^^^^
  File "/home/mysterious/storage/github/CourseGPT-Pro-DSAI-Lab-Group-6/.venv/lib/python3.13/site-packages/anyio/to_thread.py", line 56, in run_sync
    return await get_async_backend().run_sync_in_worker_thread(
           ^^^^^^^^^^^^^^^^^^^^^^^^^^^^^^^^^^^^^^^^^^^^^^^^^^^^
        func, args, abandon_on_cancel=abandon_on_cancel, limiter=limiter
        ^^^^^^^^^^^^^^^^^^^^^^^^^^^^^^^^^^^^^^^^^^^^^^^^^^^^^^^^^^^^^^^^
    )
    ^
  File "/home/mysterious/storage/github/CourseGPT-Pro-DSAI-Lab-Group-6/.venv/lib/python3.13/site-packages/anyio/_backends/_asyncio.py", line 2485, in run_sync_in_worker_thread
    return await future
           ^^^^^^^^^^^^
  File "/home/mysterious/storage/github/CourseGPT-Pro-DSAI-Lab-Group-6/.venv/lib/python3.13/site-packages/anyio/_backends/_asyncio.py", line 976, in run
    result = context.run(func, *args)
  File "/home/mysterious/storage/github/CourseGPT-Pro-DSAI-Lab-Group-6/api/dependencies.py", line 26, in get_r2_service
    return _build_r2_service(settings)
  File "/home/mysterious/storage/github/CourseGPT-Pro-DSAI-Lab-Group-6/api/dependencies.py", line 12, in _build_r2_service
    return R2StorageService(settings=settings)
  File "/home/mysterious/storage/github/CourseGPT-Pro-DSAI-Lab-Group-6/api/services/r2_storage.py", line 25, in __init__
    self.endpoint = settings.cloudflare_r2_endpoint.rstrip("/")
                    ^^^^^^^^^^^^^^^^^^^^^^^^^^^^^^^^^^^^^^
AttributeError: 'NoneType' object has no attribute 'rstrip'
INFO:     127.0.0.1:43746 - "GET /files/?limit=50 HTTP/1.1" 500 Internal Server Error
ERROR:    Exception in ASGI application
Traceback (most recent call last):
  File "/home/mysterious/storage/github/CourseGPT-Pro-DSAI-Lab-Group-6/.venv/lib/python3.13/site-packages/uvicorn/protocols/http/httptools_impl.py", line 409, in run_asgi
    result = await app(  # type: ignore[func-returns-value]
             ^^^^^^^^^^^^^^^^^^^^^^^^^^^^^^^^^^^^^^^^^^^^^^
        self.scope, self.receive, self.send
        ^^^^^^^^^^^^^^^^^^^^^^^^^^^^^^^^^^^
    )
    ^
  File "/home/mysterious/storage/github/CourseGPT-Pro-DSAI-Lab-Group-6/.venv/lib/python3.13/site-packages/uvicorn/middleware/proxy_headers.py", line 60, in __call__
    return await self.app(scope, receive, send)
           ^^^^^^^^^^^^^^^^^^^^^^^^^^^^^^^^^^^^
  File "/home/mysterious/storage/github/CourseGPT-Pro-DSAI-Lab-Group-6/.venv/lib/python3.13/site-packages/fastapi/applications.py", line 1134, in __call__
    await super().__call__(scope, receive, send)
  File "/home/mysterious/storage/github/CourseGPT-Pro-DSAI-Lab-Group-6/.venv/lib/python3.13/site-packages/starlette/applications.py", line 107, in __call__
    await self.middleware_stack(scope, receive, send)
  File "/home/mysterious/storage/github/CourseGPT-Pro-DSAI-Lab-Group-6/.venv/lib/python3.13/site-packages/starlette/middleware/errors.py", line 186, in __call__
    raise exc
  File "/home/mysterious/storage/github/CourseGPT-Pro-DSAI-Lab-Group-6/.venv/lib/python3.13/site-packages/starlette/middleware/errors.py", line 164, in __call__
    await self.app(scope, receive, _send)
  File "/home/mysterious/storage/github/CourseGPT-Pro-DSAI-Lab-Group-6/.venv/lib/python3.13/site-packages/starlette/middleware/exceptions.py", line 63, in __call__
    await wrap_app_handling_exceptions(self.app, conn)(scope, receive, send)
  File "/home/mysterious/storage/github/CourseGPT-Pro-DSAI-Lab-Group-6/.venv/lib/python3.13/site-packages/starlette/_exception_handler.py", line 53, in wrapped_app
    raise exc
  File "/home/mysterious/storage/github/CourseGPT-Pro-DSAI-Lab-Group-6/.venv/lib/python3.13/site-packages/starlette/_exception_handler.py", line 42, in wrapped_app
    await app(scope, receive, sender)
  File "/home/mysterious/storage/github/CourseGPT-Pro-DSAI-Lab-Group-6/.venv/lib/python3.13/site-packages/fastapi/middleware/asyncexitstack.py", line 18, in __call__
    await self.app(scope, receive, send)
  File "/home/mysterious/storage/github/CourseGPT-Pro-DSAI-Lab-Group-6/.venv/lib/python3.13/site-packages/starlette/routing.py", line 716, in __call__
    await self.middleware_stack(scope, receive, send)
  File "/home/mysterious/storage/github/CourseGPT-Pro-DSAI-Lab-Group-6/.venv/lib/python3.13/site-packages/starlette/routing.py", line 736, in app
    await route.handle(scope, receive, send)
  File "/home/mysterious/storage/github/CourseGPT-Pro-DSAI-Lab-Group-6/.venv/lib/python3.13/site-packages/starlette/routing.py", line 290, in handle
    await self.app(scope, receive, send)
  File "/home/mysterious/storage/github/CourseGPT-Pro-DSAI-Lab-Group-6/.venv/lib/python3.13/site-packages/fastapi/routing.py", line 125, in app
    await wrap_app_handling_exceptions(app, request)(scope, receive, send)
  File "/home/mysterious/storage/github/CourseGPT-Pro-DSAI-Lab-Group-6/.venv/lib/python3.13/site-packages/starlette/_exception_handler.py", line 53, in wrapped_app
    raise exc
  File "/home/mysterious/storage/github/CourseGPT-Pro-DSAI-Lab-Group-6/.venv/lib/python3.13/site-packages/starlette/_exception_handler.py", line 42, in wrapped_app
    await app(scope, receive, sender)
  File "/home/mysterious/storage/github/CourseGPT-Pro-DSAI-Lab-Group-6/.venv/lib/python3.13/site-packages/fastapi/routing.py", line 111, in app
    response = await f(request)
               ^^^^^^^^^^^^^^^^
  File "/home/mysterious/storage/github/CourseGPT-Pro-DSAI-Lab-Group-6/.venv/lib/python3.13/site-packages/fastapi/routing.py", line 381, in app
    solved_result = await solve_dependencies(
                    ^^^^^^^^^^^^^^^^^^^^^^^^^
    ...<6 lines>...
    )
    ^
  File "/home/mysterious/storage/github/CourseGPT-Pro-DSAI-Lab-Group-6/.venv/lib/python3.13/site-packages/fastapi/dependencies/utils.py", line 647, in solve_dependencies
    solved = await run_in_threadpool(call, **solved_result.values)
             ^^^^^^^^^^^^^^^^^^^^^^^^^^^^^^^^^^^^^^^^^^^^^^^^^^^^^
  File "/home/mysterious/storage/github/CourseGPT-Pro-DSAI-Lab-Group-6/.venv/lib/python3.13/site-packages/starlette/concurrency.py", line 32, in run_in_threadpool
    return await anyio.to_thread.run_sync(func)
           ^^^^^^^^^^^^^^^^^^^^^^^^^^^^^^^^^^^^
  File "/home/mysterious/storage/github/CourseGPT-Pro-DSAI-Lab-Group-6/.venv/lib/python3.13/site-packages/anyio/to_thread.py", line 56, in run_sync
    return await get_async_backend().run_sync_in_worker_thread(
           ^^^^^^^^^^^^^^^^^^^^^^^^^^^^^^^^^^^^^^^^^^^^^^^^^^^^
        func, args, abandon_on_cancel=abandon_on_cancel, limiter=limiter
        ^^^^^^^^^^^^^^^^^^^^^^^^^^^^^^^^^^^^^^^^^^^^^^^^^^^^^^^^^^^^^^^^
    )
    ^
  File "/home/mysterious/storage/github/CourseGPT-Pro-DSAI-Lab-Group-6/.venv/lib/python3.13/site-packages/anyio/_backends/_asyncio.py", line 2485, in run_sync_in_worker_thread
    return await future
           ^^^^^^^^^^^^
  File "/home/mysterious/storage/github/CourseGPT-Pro-DSAI-Lab-Group-6/.venv/lib/python3.13/site-packages/anyio/_backends/_asyncio.py", line 976, in run
    result = context.run(func, *args)
  File "/home/mysterious/storage/github/CourseGPT-Pro-DSAI-Lab-Group-6/api/dependencies.py", line 26, in get_r2_service
    return _build_r2_service(settings)
  File "/home/mysterious/storage/github/CourseGPT-Pro-DSAI-Lab-Group-6/api/dependencies.py", line 12, in _build_r2_service
    return R2StorageService(settings=settings)
  File "/home/mysterious/storage/github/CourseGPT-Pro-DSAI-Lab-Group-6/api/services/r2_storage.py", line 25, in __init__
    self.endpoint = settings.cloudflare_r2_endpoint.rstrip("/")
                    ^^^^^^^^^^^^^^^^^^^^^^^^^^^^^^^^^^^^^^
AttributeError: 'NoneType' object has no attribute 'rstrip'
INFO:     127.0.0.1:43762 - "GET /files/?limit=50 HTTP/1.1" 500 Internal Server Error
ERROR:    Exception in ASGI application
Traceback (most recent call last):
  File "/home/mysterious/storage/github/CourseGPT-Pro-DSAI-Lab-Group-6/.venv/lib/python3.13/site-packages/uvicorn/protocols/http/httptools_impl.py", line 409, in run_asgi
    result = await app(  # type: ignore[func-returns-value]
             ^^^^^^^^^^^^^^^^^^^^^^^^^^^^^^^^^^^^^^^^^^^^^^
        self.scope, self.receive, self.send
        ^^^^^^^^^^^^^^^^^^^^^^^^^^^^^^^^^^^
    )
    ^
  File "/home/mysterious/storage/github/CourseGPT-Pro-DSAI-Lab-Group-6/.venv/lib/python3.13/site-packages/uvicorn/middleware/proxy_headers.py", line 60, in __call__
    return await self.app(scope, receive, send)
           ^^^^^^^^^^^^^^^^^^^^^^^^^^^^^^^^^^^^
  File "/home/mysterious/storage/github/CourseGPT-Pro-DSAI-Lab-Group-6/.venv/lib/python3.13/site-packages/fastapi/applications.py", line 1134, in __call__
    await super().__call__(scope, receive, send)
  File "/home/mysterious/storage/github/CourseGPT-Pro-DSAI-Lab-Group-6/.venv/lib/python3.13/site-packages/starlette/applications.py", line 107, in __call__
    await self.middleware_stack(scope, receive, send)
  File "/home/mysterious/storage/github/CourseGPT-Pro-DSAI-Lab-Group-6/.venv/lib/python3.13/site-packages/starlette/middleware/errors.py", line 186, in __call__
    raise exc
  File "/home/mysterious/storage/github/CourseGPT-Pro-DSAI-Lab-Group-6/.venv/lib/python3.13/site-packages/starlette/middleware/errors.py", line 164, in __call__
    await self.app(scope, receive, _send)
  File "/home/mysterious/storage/github/CourseGPT-Pro-DSAI-Lab-Group-6/.venv/lib/python3.13/site-packages/starlette/middleware/exceptions.py", line 63, in __call__
    await wrap_app_handling_exceptions(self.app, conn)(scope, receive, send)
  File "/home/mysterious/storage/github/CourseGPT-Pro-DSAI-Lab-Group-6/.venv/lib/python3.13/site-packages/starlette/_exception_handler.py", line 53, in wrapped_app
    raise exc
  File "/home/mysterious/storage/github/CourseGPT-Pro-DSAI-Lab-Group-6/.venv/lib/python3.13/site-packages/starlette/_exception_handler.py", line 42, in wrapped_app
    await app(scope, receive, sender)
  File "/home/mysterious/storage/github/CourseGPT-Pro-DSAI-Lab-Group-6/.venv/lib/python3.13/site-packages/fastapi/middleware/asyncexitstack.py", line 18, in __call__
    await self.app(scope, receive, send)
  File "/home/mysterious/storage/github/CourseGPT-Pro-DSAI-Lab-Group-6/.venv/lib/python3.13/site-packages/starlette/routing.py", line 716, in __call__
    await self.middleware_stack(scope, receive, send)
  File "/home/mysterious/storage/github/CourseGPT-Pro-DSAI-Lab-Group-6/.venv/lib/python3.13/site-packages/starlette/routing.py", line 736, in app
    await route.handle(scope, receive, send)
  File "/home/mysterious/storage/github/CourseGPT-Pro-DSAI-Lab-Group-6/.venv/lib/python3.13/site-packages/starlette/routing.py", line 290, in handle
    await self.app(scope, receive, send)
  File "/home/mysterious/storage/github/CourseGPT-Pro-DSAI-Lab-Group-6/.venv/lib/python3.13/site-packages/fastapi/routing.py", line 125, in app
    await wrap_app_handling_exceptions(app, request)(scope, receive, send)
  File "/home/mysterious/storage/github/CourseGPT-Pro-DSAI-Lab-Group-6/.venv/lib/python3.13/site-packages/starlette/_exception_handler.py", line 53, in wrapped_app
    raise exc
  File "/home/mysterious/storage/github/CourseGPT-Pro-DSAI-Lab-Group-6/.venv/lib/python3.13/site-packages/starlette/_exception_handler.py", line 42, in wrapped_app
    await app(scope, receive, sender)
  File "/home/mysterious/storage/github/CourseGPT-Pro-DSAI-Lab-Group-6/.venv/lib/python3.13/site-packages/fastapi/routing.py", line 111, in app
    response = await f(request)
               ^^^^^^^^^^^^^^^^
  File "/home/mysterious/storage/github/CourseGPT-Pro-DSAI-Lab-Group-6/.venv/lib/python3.13/site-packages/fastapi/routing.py", line 381, in app
    solved_result = await solve_dependencies(
                    ^^^^^^^^^^^^^^^^^^^^^^^^^
    ...<6 lines>...
    )
    ^
  File "/home/mysterious/storage/github/CourseGPT-Pro-DSAI-Lab-Group-6/.venv/lib/python3.13/site-packages/fastapi/dependencies/utils.py", line 647, in solve_dependencies
    solved = await run_in_threadpool(call, **solved_result.values)
             ^^^^^^^^^^^^^^^^^^^^^^^^^^^^^^^^^^^^^^^^^^^^^^^^^^^^^
  File "/home/mysterious/storage/github/CourseGPT-Pro-DSAI-Lab-Group-6/.venv/lib/python3.13/site-packages/starlette/concurrency.py", line 32, in run_in_threadpool
    return await anyio.to_thread.run_sync(func)
           ^^^^^^^^^^^^^^^^^^^^^^^^^^^^^^^^^^^^
  File "/home/mysterious/storage/github/CourseGPT-Pro-DSAI-Lab-Group-6/.venv/lib/python3.13/site-packages/anyio/to_thread.py", line 56, in run_sync
    return await get_async_backend().run_sync_in_worker_thread(
           ^^^^^^^^^^^^^^^^^^^^^^^^^^^^^^^^^^^^^^^^^^^^^^^^^^^^
        func, args, abandon_on_cancel=abandon_on_cancel, limiter=limiter
        ^^^^^^^^^^^^^^^^^^^^^^^^^^^^^^^^^^^^^^^^^^^^^^^^^^^^^^^^^^^^^^^^
    )
    ^
  File "/home/mysterious/storage/github/CourseGPT-Pro-DSAI-Lab-Group-6/.venv/lib/python3.13/site-packages/anyio/_backends/_asyncio.py", line 2485, in run_sync_in_worker_thread
    return await future
           ^^^^^^^^^^^^
  File "/home/mysterious/storage/github/CourseGPT-Pro-DSAI-Lab-Group-6/.venv/lib/python3.13/site-packages/anyio/_backends/_asyncio.py", line 976, in run
    result = context.run(func, *args)
  File "/home/mysterious/storage/github/CourseGPT-Pro-DSAI-Lab-Group-6/api/dependencies.py", line 26, in get_r2_service
    return _build_r2_service(settings)
  File "/home/mysterious/storage/github/CourseGPT-Pro-DSAI-Lab-Group-6/api/dependencies.py", line 12, in _build_r2_service
    return R2StorageService(settings=settings)
  File "/home/mysterious/storage/github/CourseGPT-Pro-DSAI-Lab-Group-6/api/services/r2_storage.py", line 25, in __init__
    self.endpoint = settings.cloudflare_r2_endpoint.rstrip("/")
                    ^^^^^^^^^^^^^^^^^^^^^^^^^^^^^^^^^^^^^^
AttributeError: 'NoneType' object has no attribute 'rstrip'
INFO:     127.0.0.1:43778 - "GET /files/?limit=50 HTTP/1.1" 500 Internal Server Error
ERROR:    Exception in ASGI application
Traceback (most recent call last):
  File "/home/mysterious/storage/github/CourseGPT-Pro-DSAI-Lab-Group-6/.venv/lib/python3.13/site-packages/uvicorn/protocols/http/httptools_impl.py", line 409, in run_asgi
    result = await app(  # type: ignore[func-returns-value]
             ^^^^^^^^^^^^^^^^^^^^^^^^^^^^^^^^^^^^^^^^^^^^^^
        self.scope, self.receive, self.send
        ^^^^^^^^^^^^^^^^^^^^^^^^^^^^^^^^^^^
    )
    ^
  File "/home/mysterious/storage/github/CourseGPT-Pro-DSAI-Lab-Group-6/.venv/lib/python3.13/site-packages/uvicorn/middleware/proxy_headers.py", line 60, in __call__
    return await self.app(scope, receive, send)
           ^^^^^^^^^^^^^^^^^^^^^^^^^^^^^^^^^^^^
  File "/home/mysterious/storage/github/CourseGPT-Pro-DSAI-Lab-Group-6/.venv/lib/python3.13/site-packages/fastapi/applications.py", line 1134, in __call__
    await super().__call__(scope, receive, send)
  File "/home/mysterious/storage/github/CourseGPT-Pro-DSAI-Lab-Group-6/.venv/lib/python3.13/site-packages/starlette/applications.py", line 107, in __call__
    await self.middleware_stack(scope, receive, send)
  File "/home/mysterious/storage/github/CourseGPT-Pro-DSAI-Lab-Group-6/.venv/lib/python3.13/site-packages/starlette/middleware/errors.py", line 186, in __call__
    raise exc
  File "/home/mysterious/storage/github/CourseGPT-Pro-DSAI-Lab-Group-6/.venv/lib/python3.13/site-packages/starlette/middleware/errors.py", line 164, in __call__
    await self.app(scope, receive, _send)
  File "/home/mysterious/storage/github/CourseGPT-Pro-DSAI-Lab-Group-6/.venv/lib/python3.13/site-packages/starlette/middleware/exceptions.py", line 63, in __call__
    await wrap_app_handling_exceptions(self.app, conn)(scope, receive, send)
  File "/home/mysterious/storage/github/CourseGPT-Pro-DSAI-Lab-Group-6/.venv/lib/python3.13/site-packages/starlette/_exception_handler.py", line 53, in wrapped_app
    raise exc
  File "/home/mysterious/storage/github/CourseGPT-Pro-DSAI-Lab-Group-6/.venv/lib/python3.13/site-packages/starlette/_exception_handler.py", line 42, in wrapped_app
    await app(scope, receive, sender)
  File "/home/mysterious/storage/github/CourseGPT-Pro-DSAI-Lab-Group-6/.venv/lib/python3.13/site-packages/fastapi/middleware/asyncexitstack.py", line 18, in __call__
    await self.app(scope, receive, send)
  File "/home/mysterious/storage/github/CourseGPT-Pro-DSAI-Lab-Group-6/.venv/lib/python3.13/site-packages/starlette/routing.py", line 716, in __call__
    await self.middleware_stack(scope, receive, send)
  File "/home/mysterious/storage/github/CourseGPT-Pro-DSAI-Lab-Group-6/.venv/lib/python3.13/site-packages/starlette/routing.py", line 736, in app
    await route.handle(scope, receive, send)
  File "/home/mysterious/storage/github/CourseGPT-Pro-DSAI-Lab-Group-6/.venv/lib/python3.13/site-packages/starlette/routing.py", line 290, in handle
    await self.app(scope, receive, send)
  File "/home/mysterious/storage/github/CourseGPT-Pro-DSAI-Lab-Group-6/.venv/lib/python3.13/site-packages/fastapi/routing.py", line 125, in app
    await wrap_app_handling_exceptions(app, request)(scope, receive, send)
  File "/home/mysterious/storage/github/CourseGPT-Pro-DSAI-Lab-Group-6/.venv/lib/python3.13/site-packages/starlette/_exception_handler.py", line 53, in wrapped_app
    raise exc
  File "/home/mysterious/storage/github/CourseGPT-Pro-DSAI-Lab-Group-6/.venv/lib/python3.13/site-packages/starlette/_exception_handler.py", line 42, in wrapped_app
    await app(scope, receive, sender)
  File "/home/mysterious/storage/github/CourseGPT-Pro-DSAI-Lab-Group-6/.venv/lib/python3.13/site-packages/fastapi/routing.py", line 111, in app
    response = await f(request)
               ^^^^^^^^^^^^^^^^
  File "/home/mysterious/storage/github/CourseGPT-Pro-DSAI-Lab-Group-6/.venv/lib/python3.13/site-packages/fastapi/routing.py", line 381, in app
    solved_result = await solve_dependencies(
                    ^^^^^^^^^^^^^^^^^^^^^^^^^
    ...<6 lines>...
    )
    ^
  File "/home/mysterious/storage/github/CourseGPT-Pro-DSAI-Lab-Group-6/.venv/lib/python3.13/site-packages/fastapi/dependencies/utils.py", line 647, in solve_dependencies
    solved = await run_in_threadpool(call, **solved_result.values)
             ^^^^^^^^^^^^^^^^^^^^^^^^^^^^^^^^^^^^^^^^^^^^^^^^^^^^^
  File "/home/mysterious/storage/github/CourseGPT-Pro-DSAI-Lab-Group-6/.venv/lib/python3.13/site-packages/starlette/concurrency.py", line 32, in run_in_threadpool
    return await anyio.to_thread.run_sync(func)
           ^^^^^^^^^^^^^^^^^^^^^^^^^^^^^^^^^^^^
  File "/home/mysterious/storage/github/CourseGPT-Pro-DSAI-Lab-Group-6/.venv/lib/python3.13/site-packages/anyio/to_thread.py", line 56, in run_sync
    return await get_async_backend().run_sync_in_worker_thread(
           ^^^^^^^^^^^^^^^^^^^^^^^^^^^^^^^^^^^^^^^^^^^^^^^^^^^^
        func, args, abandon_on_cancel=abandon_on_cancel, limiter=limiter
        ^^^^^^^^^^^^^^^^^^^^^^^^^^^^^^^^^^^^^^^^^^^^^^^^^^^^^^^^^^^^^^^^
    )
    ^
  File "/home/mysterious/storage/github/CourseGPT-Pro-DSAI-Lab-Group-6/.venv/lib/python3.13/site-packages/anyio/_backends/_asyncio.py", line 2485, in run_sync_in_worker_thread
    return await future
           ^^^^^^^^^^^^
  File "/home/mysterious/storage/github/CourseGPT-Pro-DSAI-Lab-Group-6/.venv/lib/python3.13/site-packages/anyio/_backends/_asyncio.py", line 976, in run
    result = context.run(func, *args)
  File "/home/mysterious/storage/github/CourseGPT-Pro-DSAI-Lab-Group-6/api/dependencies.py", line 26, in get_r2_service
    return _build_r2_service(settings)
  File "/home/mysterious/storage/github/CourseGPT-Pro-DSAI-Lab-Group-6/api/dependencies.py", line 12, in _build_r2_service
    return R2StorageService(settings=settings)
  File "/home/mysterious/storage/github/CourseGPT-Pro-DSAI-Lab-Group-6/api/services/r2_storage.py", line 25, in __init__
    self.endpoint = settings.cloudflare_r2_endpoint.rstrip("/")
                    ^^^^^^^^^^^^^^^^^^^^^^^^^^^^^^^^^^^^^^
AttributeError: 'NoneType' object has no attribute 'rstrip'
INFO:     127.0.0.1:42950 - "GET /files/?limit=50 HTTP/1.1" 500 Internal Server Error
ERROR:    Exception in ASGI application
Traceback (most recent call last):
  File "/home/mysterious/storage/github/CourseGPT-Pro-DSAI-Lab-Group-6/.venv/lib/python3.13/site-packages/uvicorn/protocols/http/httptools_impl.py", line 409, in run_asgi
    result = await app(  # type: ignore[func-returns-value]
             ^^^^^^^^^^^^^^^^^^^^^^^^^^^^^^^^^^^^^^^^^^^^^^
        self.scope, self.receive, self.send
        ^^^^^^^^^^^^^^^^^^^^^^^^^^^^^^^^^^^
    )
    ^
  File "/home/mysterious/storage/github/CourseGPT-Pro-DSAI-Lab-Group-6/.venv/lib/python3.13/site-packages/uvicorn/middleware/proxy_headers.py", line 60, in __call__
    return await self.app(scope, receive, send)
           ^^^^^^^^^^^^^^^^^^^^^^^^^^^^^^^^^^^^
  File "/home/mysterious/storage/github/CourseGPT-Pro-DSAI-Lab-Group-6/.venv/lib/python3.13/site-packages/fastapi/applications.py", line 1134, in __call__
    await super().__call__(scope, receive, send)
  File "/home/mysterious/storage/github/CourseGPT-Pro-DSAI-Lab-Group-6/.venv/lib/python3.13/site-packages/starlette/applications.py", line 107, in __call__
    await self.middleware_stack(scope, receive, send)
  File "/home/mysterious/storage/github/CourseGPT-Pro-DSAI-Lab-Group-6/.venv/lib/python3.13/site-packages/starlette/middleware/errors.py", line 186, in __call__
    raise exc
  File "/home/mysterious/storage/github/CourseGPT-Pro-DSAI-Lab-Group-6/.venv/lib/python3.13/site-packages/starlette/middleware/errors.py", line 164, in __call__
    await self.app(scope, receive, _send)
  File "/home/mysterious/storage/github/CourseGPT-Pro-DSAI-Lab-Group-6/.venv/lib/python3.13/site-packages/starlette/middleware/exceptions.py", line 63, in __call__
    await wrap_app_handling_exceptions(self.app, conn)(scope, receive, send)
  File "/home/mysterious/storage/github/CourseGPT-Pro-DSAI-Lab-Group-6/.venv/lib/python3.13/site-packages/starlette/_exception_handler.py", line 53, in wrapped_app
    raise exc
  File "/home/mysterious/storage/github/CourseGPT-Pro-DSAI-Lab-Group-6/.venv/lib/python3.13/site-packages/starlette/_exception_handler.py", line 42, in wrapped_app
    await app(scope, receive, sender)
  File "/home/mysterious/storage/github/CourseGPT-Pro-DSAI-Lab-Group-6/.venv/lib/python3.13/site-packages/fastapi/middleware/asyncexitstack.py", line 18, in __call__
    await self.app(scope, receive, send)
  File "/home/mysterious/storage/github/CourseGPT-Pro-DSAI-Lab-Group-6/.venv/lib/python3.13/site-packages/starlette/routing.py", line 716, in __call__
    await self.middleware_stack(scope, receive, send)
  File "/home/mysterious/storage/github/CourseGPT-Pro-DSAI-Lab-Group-6/.venv/lib/python3.13/site-packages/starlette/routing.py", line 736, in app
    await route.handle(scope, receive, send)
  File "/home/mysterious/storage/github/CourseGPT-Pro-DSAI-Lab-Group-6/.venv/lib/python3.13/site-packages/starlette/routing.py", line 290, in handle
    await self.app(scope, receive, send)
  File "/home/mysterious/storage/github/CourseGPT-Pro-DSAI-Lab-Group-6/.venv/lib/python3.13/site-packages/fastapi/routing.py", line 125, in app
    await wrap_app_handling_exceptions(app, request)(scope, receive, send)
  File "/home/mysterious/storage/github/CourseGPT-Pro-DSAI-Lab-Group-6/.venv/lib/python3.13/site-packages/starlette/_exception_handler.py", line 53, in wrapped_app
    raise exc
  File "/home/mysterious/storage/github/CourseGPT-Pro-DSAI-Lab-Group-6/.venv/lib/python3.13/site-packages/starlette/_exception_handler.py", line 42, in wrapped_app
    await app(scope, receive, sender)
  File "/home/mysterious/storage/github/CourseGPT-Pro-DSAI-Lab-Group-6/.venv/lib/python3.13/site-packages/fastapi/routing.py", line 111, in app
    response = await f(request)
               ^^^^^^^^^^^^^^^^
  File "/home/mysterious/storage/github/CourseGPT-Pro-DSAI-Lab-Group-6/.venv/lib/python3.13/site-packages/fastapi/routing.py", line 381, in app
    solved_result = await solve_dependencies(
                    ^^^^^^^^^^^^^^^^^^^^^^^^^
    ...<6 lines>...
    )
    ^
  File "/home/mysterious/storage/github/CourseGPT-Pro-DSAI-Lab-Group-6/.venv/lib/python3.13/site-packages/fastapi/dependencies/utils.py", line 647, in solve_dependencies
    solved = await run_in_threadpool(call, **solved_result.values)
             ^^^^^^^^^^^^^^^^^^^^^^^^^^^^^^^^^^^^^^^^^^^^^^^^^^^^^
  File "/home/mysterious/storage/github/CourseGPT-Pro-DSAI-Lab-Group-6/.venv/lib/python3.13/site-packages/starlette/concurrency.py", line 32, in run_in_threadpool
    return await anyio.to_thread.run_sync(func)
           ^^^^^^^^^^^^^^^^^^^^^^^^^^^^^^^^^^^^
  File "/home/mysterious/storage/github/CourseGPT-Pro-DSAI-Lab-Group-6/.venv/lib/python3.13/site-packages/anyio/to_thread.py", line 56, in run_sync
    return await get_async_backend().run_sync_in_worker_thread(
           ^^^^^^^^^^^^^^^^^^^^^^^^^^^^^^^^^^^^^^^^^^^^^^^^^^^^
        func, args, abandon_on_cancel=abandon_on_cancel, limiter=limiter
        ^^^^^^^^^^^^^^^^^^^^^^^^^^^^^^^^^^^^^^^^^^^^^^^^^^^^^^^^^^^^^^^^
    )
    ^
  File "/home/mysterious/storage/github/CourseGPT-Pro-DSAI-Lab-Group-6/.venv/lib/python3.13/site-packages/anyio/_backends/_asyncio.py", line 2485, in run_sync_in_worker_thread
    return await future
           ^^^^^^^^^^^^
  File "/home/mysterious/storage/github/CourseGPT-Pro-DSAI-Lab-Group-6/.venv/lib/python3.13/site-packages/anyio/_backends/_asyncio.py", line 976, in run
    result = context.run(func, *args)
  File "/home/mysterious/storage/github/CourseGPT-Pro-DSAI-Lab-Group-6/api/dependencies.py", line 26, in get_r2_service
    return _build_r2_service(settings)
  File "/home/mysterious/storage/github/CourseGPT-Pro-DSAI-Lab-Group-6/api/dependencies.py", line 12, in _build_r2_service
    return R2StorageService(settings=settings)
  File "/home/mysterious/storage/github/CourseGPT-Pro-DSAI-Lab-Group-6/api/services/r2_storage.py", line 25, in __init__
    self.endpoint = settings.cloudflare_r2_endpoint.rstrip("/")
                    ^^^^^^^^^^^^^^^^^^^^^^^^^^^^^^^^^^^^^^
AttributeError: 'NoneType' object has no attribute 'rstrip'
INFO:     127.0.0.1:42962 - "GET /files/?limit=50 HTTP/1.1" 500 Internal Server Error
ERROR:    Exception in ASGI application
Traceback (most recent call last):
  File "/home/mysterious/storage/github/CourseGPT-Pro-DSAI-Lab-Group-6/.venv/lib/python3.13/site-packages/uvicorn/protocols/http/httptools_impl.py", line 409, in run_asgi
    result = await app(  # type: ignore[func-returns-value]
             ^^^^^^^^^^^^^^^^^^^^^^^^^^^^^^^^^^^^^^^^^^^^^^
        self.scope, self.receive, self.send
        ^^^^^^^^^^^^^^^^^^^^^^^^^^^^^^^^^^^
    )
    ^
  File "/home/mysterious/storage/github/CourseGPT-Pro-DSAI-Lab-Group-6/.venv/lib/python3.13/site-packages/uvicorn/middleware/proxy_headers.py", line 60, in __call__
    return await self.app(scope, receive, send)
           ^^^^^^^^^^^^^^^^^^^^^^^^^^^^^^^^^^^^
  File "/home/mysterious/storage/github/CourseGPT-Pro-DSAI-Lab-Group-6/.venv/lib/python3.13/site-packages/fastapi/applications.py", line 1134, in __call__
    await super().__call__(scope, receive, send)
  File "/home/mysterious/storage/github/CourseGPT-Pro-DSAI-Lab-Group-6/.venv/lib/python3.13/site-packages/starlette/applications.py", line 107, in __call__
    await self.middleware_stack(scope, receive, send)
  File "/home/mysterious/storage/github/CourseGPT-Pro-DSAI-Lab-Group-6/.venv/lib/python3.13/site-packages/starlette/middleware/errors.py", line 186, in __call__
    raise exc
  File "/home/mysterious/storage/github/CourseGPT-Pro-DSAI-Lab-Group-6/.venv/lib/python3.13/site-packages/starlette/middleware/errors.py", line 164, in __call__
    await self.app(scope, receive, _send)
  File "/home/mysterious/storage/github/CourseGPT-Pro-DSAI-Lab-Group-6/.venv/lib/python3.13/site-packages/starlette/middleware/exceptions.py", line 63, in __call__
    await wrap_app_handling_exceptions(self.app, conn)(scope, receive, send)
  File "/home/mysterious/storage/github/CourseGPT-Pro-DSAI-Lab-Group-6/.venv/lib/python3.13/site-packages/starlette/_exception_handler.py", line 53, in wrapped_app
    raise exc
  File "/home/mysterious/storage/github/CourseGPT-Pro-DSAI-Lab-Group-6/.venv/lib/python3.13/site-packages/starlette/_exception_handler.py", line 42, in wrapped_app
    await app(scope, receive, sender)
  File "/home/mysterious/storage/github/CourseGPT-Pro-DSAI-Lab-Group-6/.venv/lib/python3.13/site-packages/fastapi/middleware/asyncexitstack.py", line 18, in __call__
    await self.app(scope, receive, send)
  File "/home/mysterious/storage/github/CourseGPT-Pro-DSAI-Lab-Group-6/.venv/lib/python3.13/site-packages/starlette/routing.py", line 716, in __call__
    await self.middleware_stack(scope, receive, send)
  File "/home/mysterious/storage/github/CourseGPT-Pro-DSAI-Lab-Group-6/.venv/lib/python3.13/site-packages/starlette/routing.py", line 736, in app
    await route.handle(scope, receive, send)
  File "/home/mysterious/storage/github/CourseGPT-Pro-DSAI-Lab-Group-6/.venv/lib/python3.13/site-packages/starlette/routing.py", line 290, in handle
    await self.app(scope, receive, send)
  File "/home/mysterious/storage/github/CourseGPT-Pro-DSAI-Lab-Group-6/.venv/lib/python3.13/site-packages/fastapi/routing.py", line 125, in app
    await wrap_app_handling_exceptions(app, request)(scope, receive, send)
  File "/home/mysterious/storage/github/CourseGPT-Pro-DSAI-Lab-Group-6/.venv/lib/python3.13/site-packages/starlette/_exception_handler.py", line 53, in wrapped_app
    raise exc
  File "/home/mysterious/storage/github/CourseGPT-Pro-DSAI-Lab-Group-6/.venv/lib/python3.13/site-packages/starlette/_exception_handler.py", line 42, in wrapped_app
    await app(scope, receive, sender)
  File "/home/mysterious/storage/github/CourseGPT-Pro-DSAI-Lab-Group-6/.venv/lib/python3.13/site-packages/fastapi/routing.py", line 111, in app
    response = await f(request)
               ^^^^^^^^^^^^^^^^
  File "/home/mysterious/storage/github/CourseGPT-Pro-DSAI-Lab-Group-6/.venv/lib/python3.13/site-packages/fastapi/routing.py", line 381, in app
    solved_result = await solve_dependencies(
                    ^^^^^^^^^^^^^^^^^^^^^^^^^
    ...<6 lines>...
    )
    ^
  File "/home/mysterious/storage/github/CourseGPT-Pro-DSAI-Lab-Group-6/.venv/lib/python3.13/site-packages/fastapi/dependencies/utils.py", line 647, in solve_dependencies
    solved = await run_in_threadpool(call, **solved_result.values)
             ^^^^^^^^^^^^^^^^^^^^^^^^^^^^^^^^^^^^^^^^^^^^^^^^^^^^^
  File "/home/mysterious/storage/github/CourseGPT-Pro-DSAI-Lab-Group-6/.venv/lib/python3.13/site-packages/starlette/concurrency.py", line 32, in run_in_threadpool
    return await anyio.to_thread.run_sync(func)
           ^^^^^^^^^^^^^^^^^^^^^^^^^^^^^^^^^^^^
  File "/home/mysterious/storage/github/CourseGPT-Pro-DSAI-Lab-Group-6/.venv/lib/python3.13/site-packages/anyio/to_thread.py", line 56, in run_sync
    return await get_async_backend().run_sync_in_worker_thread(
           ^^^^^^^^^^^^^^^^^^^^^^^^^^^^^^^^^^^^^^^^^^^^^^^^^^^^
        func, args, abandon_on_cancel=abandon_on_cancel, limiter=limiter
        ^^^^^^^^^^^^^^^^^^^^^^^^^^^^^^^^^^^^^^^^^^^^^^^^^^^^^^^^^^^^^^^^
    )
    ^
  File "/home/mysterious/storage/github/CourseGPT-Pro-DSAI-Lab-Group-6/.venv/lib/python3.13/site-packages/anyio/_backends/_asyncio.py", line 2485, in run_sync_in_worker_thread
    return await future
           ^^^^^^^^^^^^
  File "/home/mysterious/storage/github/CourseGPT-Pro-DSAI-Lab-Group-6/.venv/lib/python3.13/site-packages/anyio/_backends/_asyncio.py", line 976, in run
    result = context.run(func, *args)
  File "/home/mysterious/storage/github/CourseGPT-Pro-DSAI-Lab-Group-6/api/dependencies.py", line 26, in get_r2_service
    return _build_r2_service(settings)
  File "/home/mysterious/storage/github/CourseGPT-Pro-DSAI-Lab-Group-6/api/dependencies.py", line 12, in _build_r2_service
    return R2StorageService(settings=settings)
  File "/home/mysterious/storage/github/CourseGPT-Pro-DSAI-Lab-Group-6/api/services/r2_storage.py", line 25, in __init__
    self.endpoint = settings.cloudflare_r2_endpoint.rstrip("/")
                    ^^^^^^^^^^^^^^^^^^^^^^^^^^^^^^^^^^^^^^
AttributeError: 'NoneType' object has no attribute 'rstrip'
INFO:     127.0.0.1:43432 - "GET /files/?limit=50 HTTP/1.1" 500 Internal Server Error
ERROR:    Exception in ASGI application
Traceback (most recent call last):
  File "/home/mysterious/storage/github/CourseGPT-Pro-DSAI-Lab-Group-6/.venv/lib/python3.13/site-packages/uvicorn/protocols/http/httptools_impl.py", line 409, in run_asgi
    result = await app(  # type: ignore[func-returns-value]
             ^^^^^^^^^^^^^^^^^^^^^^^^^^^^^^^^^^^^^^^^^^^^^^
        self.scope, self.receive, self.send
        ^^^^^^^^^^^^^^^^^^^^^^^^^^^^^^^^^^^
    )
    ^
  File "/home/mysterious/storage/github/CourseGPT-Pro-DSAI-Lab-Group-6/.venv/lib/python3.13/site-packages/uvicorn/middleware/proxy_headers.py", line 60, in __call__
    return await self.app(scope, receive, send)
           ^^^^^^^^^^^^^^^^^^^^^^^^^^^^^^^^^^^^
  File "/home/mysterious/storage/github/CourseGPT-Pro-DSAI-Lab-Group-6/.venv/lib/python3.13/site-packages/fastapi/applications.py", line 1134, in __call__
    await super().__call__(scope, receive, send)
  File "/home/mysterious/storage/github/CourseGPT-Pro-DSAI-Lab-Group-6/.venv/lib/python3.13/site-packages/starlette/applications.py", line 107, in __call__
    await self.middleware_stack(scope, receive, send)
  File "/home/mysterious/storage/github/CourseGPT-Pro-DSAI-Lab-Group-6/.venv/lib/python3.13/site-packages/starlette/middleware/errors.py", line 186, in __call__
    raise exc
  File "/home/mysterious/storage/github/CourseGPT-Pro-DSAI-Lab-Group-6/.venv/lib/python3.13/site-packages/starlette/middleware/errors.py", line 164, in __call__
    await self.app(scope, receive, _send)
  File "/home/mysterious/storage/github/CourseGPT-Pro-DSAI-Lab-Group-6/.venv/lib/python3.13/site-packages/starlette/middleware/exceptions.py", line 63, in __call__
    await wrap_app_handling_exceptions(self.app, conn)(scope, receive, send)
  File "/home/mysterious/storage/github/CourseGPT-Pro-DSAI-Lab-Group-6/.venv/lib/python3.13/site-packages/starlette/_exception_handler.py", line 53, in wrapped_app
    raise exc
  File "/home/mysterious/storage/github/CourseGPT-Pro-DSAI-Lab-Group-6/.venv/lib/python3.13/site-packages/starlette/_exception_handler.py", line 42, in wrapped_app
    await app(scope, receive, sender)
  File "/home/mysterious/storage/github/CourseGPT-Pro-DSAI-Lab-Group-6/.venv/lib/python3.13/site-packages/fastapi/middleware/asyncexitstack.py", line 18, in __call__
    await self.app(scope, receive, send)
  File "/home/mysterious/storage/github/CourseGPT-Pro-DSAI-Lab-Group-6/.venv/lib/python3.13/site-packages/starlette/routing.py", line 716, in __call__
    await self.middleware_stack(scope, receive, send)
  File "/home/mysterious/storage/github/CourseGPT-Pro-DSAI-Lab-Group-6/.venv/lib/python3.13/site-packages/starlette/routing.py", line 736, in app
    await route.handle(scope, receive, send)
  File "/home/mysterious/storage/github/CourseGPT-Pro-DSAI-Lab-Group-6/.venv/lib/python3.13/site-packages/starlette/routing.py", line 290, in handle
    await self.app(scope, receive, send)
  File "/home/mysterious/storage/github/CourseGPT-Pro-DSAI-Lab-Group-6/.venv/lib/python3.13/site-packages/fastapi/routing.py", line 125, in app
    await wrap_app_handling_exceptions(app, request)(scope, receive, send)
  File "/home/mysterious/storage/github/CourseGPT-Pro-DSAI-Lab-Group-6/.venv/lib/python3.13/site-packages/starlette/_exception_handler.py", line 53, in wrapped_app
    raise exc
  File "/home/mysterious/storage/github/CourseGPT-Pro-DSAI-Lab-Group-6/.venv/lib/python3.13/site-packages/starlette/_exception_handler.py", line 42, in wrapped_app
    await app(scope, receive, sender)
  File "/home/mysterious/storage/github/CourseGPT-Pro-DSAI-Lab-Group-6/.venv/lib/python3.13/site-packages/fastapi/routing.py", line 111, in app
    response = await f(request)
               ^^^^^^^^^^^^^^^^
  File "/home/mysterious/storage/github/CourseGPT-Pro-DSAI-Lab-Group-6/.venv/lib/python3.13/site-packages/fastapi/routing.py", line 381, in app
    solved_result = await solve_dependencies(
                    ^^^^^^^^^^^^^^^^^^^^^^^^^
    ...<6 lines>...
    )
    ^
  File "/home/mysterious/storage/github/CourseGPT-Pro-DSAI-Lab-Group-6/.venv/lib/python3.13/site-packages/fastapi/dependencies/utils.py", line 647, in solve_dependencies
    solved = await run_in_threadpool(call, **solved_result.values)
             ^^^^^^^^^^^^^^^^^^^^^^^^^^^^^^^^^^^^^^^^^^^^^^^^^^^^^
  File "/home/mysterious/storage/github/CourseGPT-Pro-DSAI-Lab-Group-6/.venv/lib/python3.13/site-packages/starlette/concurrency.py", line 32, in run_in_threadpool
    return await anyio.to_thread.run_sync(func)
           ^^^^^^^^^^^^^^^^^^^^^^^^^^^^^^^^^^^^
  File "/home/mysterious/storage/github/CourseGPT-Pro-DSAI-Lab-Group-6/.venv/lib/python3.13/site-packages/anyio/to_thread.py", line 56, in run_sync
    return await get_async_backend().run_sync_in_worker_thread(
           ^^^^^^^^^^^^^^^^^^^^^^^^^^^^^^^^^^^^^^^^^^^^^^^^^^^^
        func, args, abandon_on_cancel=abandon_on_cancel, limiter=limiter
        ^^^^^^^^^^^^^^^^^^^^^^^^^^^^^^^^^^^^^^^^^^^^^^^^^^^^^^^^^^^^^^^^
    )
    ^
  File "/home/mysterious/storage/github/CourseGPT-Pro-DSAI-Lab-Group-6/.venv/lib/python3.13/site-packages/anyio/_backends/_asyncio.py", line 2485, in run_sync_in_worker_thread
    return await future
           ^^^^^^^^^^^^
  File "/home/mysterious/storage/github/CourseGPT-Pro-DSAI-Lab-Group-6/.venv/lib/python3.13/site-packages/anyio/_backends/_asyncio.py", line 976, in run
    result = context.run(func, *args)
  File "/home/mysterious/storage/github/CourseGPT-Pro-DSAI-Lab-Group-6/api/dependencies.py", line 26, in get_r2_service
    return _build_r2_service(settings)
  File "/home/mysterious/storage/github/CourseGPT-Pro-DSAI-Lab-Group-6/api/dependencies.py", line 12, in _build_r2_service
    return R2StorageService(settings=settings)
  File "/home/mysterious/storage/github/CourseGPT-Pro-DSAI-Lab-Group-6/api/services/r2_storage.py", line 25, in __init__
    self.endpoint = settings.cloudflare_r2_endpoint.rstrip("/")
                    ^^^^^^^^^^^^^^^^^^^^^^^^^^^^^^^^^^^^^^
AttributeError: 'NoneType' object has no attribute 'rstrip'
INFO:     127.0.0.1:33010 - "GET /files/?limit=50 HTTP/1.1" 500 Internal Server Error
ERROR:    Exception in ASGI application
Traceback (most recent call last):
  File "/home/mysterious/storage/github/CourseGPT-Pro-DSAI-Lab-Group-6/.venv/lib/python3.13/site-packages/uvicorn/protocols/http/httptools_impl.py", line 409, in run_asgi
    result = await app(  # type: ignore[func-returns-value]
             ^^^^^^^^^^^^^^^^^^^^^^^^^^^^^^^^^^^^^^^^^^^^^^
        self.scope, self.receive, self.send
        ^^^^^^^^^^^^^^^^^^^^^^^^^^^^^^^^^^^
    )
    ^
  File "/home/mysterious/storage/github/CourseGPT-Pro-DSAI-Lab-Group-6/.venv/lib/python3.13/site-packages/uvicorn/middleware/proxy_headers.py", line 60, in __call__
    return await self.app(scope, receive, send)
           ^^^^^^^^^^^^^^^^^^^^^^^^^^^^^^^^^^^^
  File "/home/mysterious/storage/github/CourseGPT-Pro-DSAI-Lab-Group-6/.venv/lib/python3.13/site-packages/fastapi/applications.py", line 1134, in __call__
    await super().__call__(scope, receive, send)
  File "/home/mysterious/storage/github/CourseGPT-Pro-DSAI-Lab-Group-6/.venv/lib/python3.13/site-packages/starlette/applications.py", line 107, in __call__
    await self.middleware_stack(scope, receive, send)
  File "/home/mysterious/storage/github/CourseGPT-Pro-DSAI-Lab-Group-6/.venv/lib/python3.13/site-packages/starlette/middleware/errors.py", line 186, in __call__
    raise exc
  File "/home/mysterious/storage/github/CourseGPT-Pro-DSAI-Lab-Group-6/.venv/lib/python3.13/site-packages/starlette/middleware/errors.py", line 164, in __call__
    await self.app(scope, receive, _send)
  File "/home/mysterious/storage/github/CourseGPT-Pro-DSAI-Lab-Group-6/.venv/lib/python3.13/site-packages/starlette/middleware/exceptions.py", line 63, in __call__
    await wrap_app_handling_exceptions(self.app, conn)(scope, receive, send)
  File "/home/mysterious/storage/github/CourseGPT-Pro-DSAI-Lab-Group-6/.venv/lib/python3.13/site-packages/starlette/_exception_handler.py", line 53, in wrapped_app
    raise exc
  File "/home/mysterious/storage/github/CourseGPT-Pro-DSAI-Lab-Group-6/.venv/lib/python3.13/site-packages/starlette/_exception_handler.py", line 42, in wrapped_app
    await app(scope, receive, sender)
  File "/home/mysterious/storage/github/CourseGPT-Pro-DSAI-Lab-Group-6/.venv/lib/python3.13/site-packages/fastapi/middleware/asyncexitstack.py", line 18, in __call__
    await self.app(scope, receive, send)
  File "/home/mysterious/storage/github/CourseGPT-Pro-DSAI-Lab-Group-6/.venv/lib/python3.13/site-packages/starlette/routing.py", line 716, in __call__
    await self.middleware_stack(scope, receive, send)
  File "/home/mysterious/storage/github/CourseGPT-Pro-DSAI-Lab-Group-6/.venv/lib/python3.13/site-packages/starlette/routing.py", line 736, in app
    await route.handle(scope, receive, send)
  File "/home/mysterious/storage/github/CourseGPT-Pro-DSAI-Lab-Group-6/.venv/lib/python3.13/site-packages/starlette/routing.py", line 290, in handle
    await self.app(scope, receive, send)
  File "/home/mysterious/storage/github/CourseGPT-Pro-DSAI-Lab-Group-6/.venv/lib/python3.13/site-packages/fastapi/routing.py", line 125, in app
    await wrap_app_handling_exceptions(app, request)(scope, receive, send)
  File "/home/mysterious/storage/github/CourseGPT-Pro-DSAI-Lab-Group-6/.venv/lib/python3.13/site-packages/starlette/_exception_handler.py", line 53, in wrapped_app
    raise exc
  File "/home/mysterious/storage/github/CourseGPT-Pro-DSAI-Lab-Group-6/.venv/lib/python3.13/site-packages/starlette/_exception_handler.py", line 42, in wrapped_app
    await app(scope, receive, sender)
  File "/home/mysterious/storage/github/CourseGPT-Pro-DSAI-Lab-Group-6/.venv/lib/python3.13/site-packages/fastapi/routing.py", line 111, in app
    response = await f(request)
               ^^^^^^^^^^^^^^^^
  File "/home/mysterious/storage/github/CourseGPT-Pro-DSAI-Lab-Group-6/.venv/lib/python3.13/site-packages/fastapi/routing.py", line 381, in app
    solved_result = await solve_dependencies(
                    ^^^^^^^^^^^^^^^^^^^^^^^^^
    ...<6 lines>...
    )
    ^
  File "/home/mysterious/storage/github/CourseGPT-Pro-DSAI-Lab-Group-6/.venv/lib/python3.13/site-packages/fastapi/dependencies/utils.py", line 647, in solve_dependencies
    solved = await run_in_threadpool(call, **solved_result.values)
             ^^^^^^^^^^^^^^^^^^^^^^^^^^^^^^^^^^^^^^^^^^^^^^^^^^^^^
  File "/home/mysterious/storage/github/CourseGPT-Pro-DSAI-Lab-Group-6/.venv/lib/python3.13/site-packages/starlette/concurrency.py", line 32, in run_in_threadpool
    return await anyio.to_thread.run_sync(func)
           ^^^^^^^^^^^^^^^^^^^^^^^^^^^^^^^^^^^^
  File "/home/mysterious/storage/github/CourseGPT-Pro-DSAI-Lab-Group-6/.venv/lib/python3.13/site-packages/anyio/to_thread.py", line 56, in run_sync
    return await get_async_backend().run_sync_in_worker_thread(
           ^^^^^^^^^^^^^^^^^^^^^^^^^^^^^^^^^^^^^^^^^^^^^^^^^^^^
        func, args, abandon_on_cancel=abandon_on_cancel, limiter=limiter
        ^^^^^^^^^^^^^^^^^^^^^^^^^^^^^^^^^^^^^^^^^^^^^^^^^^^^^^^^^^^^^^^^
    )
    ^
  File "/home/mysterious/storage/github/CourseGPT-Pro-DSAI-Lab-Group-6/.venv/lib/python3.13/site-packages/anyio/_backends/_asyncio.py", line 2485, in run_sync_in_worker_thread
    return await future
           ^^^^^^^^^^^^
  File "/home/mysterious/storage/github/CourseGPT-Pro-DSAI-Lab-Group-6/.venv/lib/python3.13/site-packages/anyio/_backends/_asyncio.py", line 976, in run
    result = context.run(func, *args)
  File "/home/mysterious/storage/github/CourseGPT-Pro-DSAI-Lab-Group-6/api/dependencies.py", line 26, in get_r2_service
    return _build_r2_service(settings)
  File "/home/mysterious/storage/github/CourseGPT-Pro-DSAI-Lab-Group-6/api/dependencies.py", line 12, in _build_r2_service
    return R2StorageService(settings=settings)
  File "/home/mysterious/storage/github/CourseGPT-Pro-DSAI-Lab-Group-6/api/services/r2_storage.py", line 25, in __init__
    self.endpoint = settings.cloudflare_r2_endpoint.rstrip("/")
                    ^^^^^^^^^^^^^^^^^^^^^^^^^^^^^^^^^^^^^^
AttributeError: 'NoneType' object has no attribute 'rstrip'
INFO:     127.0.0.1:33014 - "GET /files/?limit=50 HTTP/1.1" 500 Internal Server Error
ERROR:    Exception in ASGI application
Traceback (most recent call last):
  File "/home/mysterious/storage/github/CourseGPT-Pro-DSAI-Lab-Group-6/.venv/lib/python3.13/site-packages/uvicorn/protocols/http/httptools_impl.py", line 409, in run_asgi
    result = await app(  # type: ignore[func-returns-value]
             ^^^^^^^^^^^^^^^^^^^^^^^^^^^^^^^^^^^^^^^^^^^^^^
        self.scope, self.receive, self.send
        ^^^^^^^^^^^^^^^^^^^^^^^^^^^^^^^^^^^
    )
    ^
  File "/home/mysterious/storage/github/CourseGPT-Pro-DSAI-Lab-Group-6/.venv/lib/python3.13/site-packages/uvicorn/middleware/proxy_headers.py", line 60, in __call__
    return await self.app(scope, receive, send)
           ^^^^^^^^^^^^^^^^^^^^^^^^^^^^^^^^^^^^
  File "/home/mysterious/storage/github/CourseGPT-Pro-DSAI-Lab-Group-6/.venv/lib/python3.13/site-packages/fastapi/applications.py", line 1134, in __call__
    await super().__call__(scope, receive, send)
  File "/home/mysterious/storage/github/CourseGPT-Pro-DSAI-Lab-Group-6/.venv/lib/python3.13/site-packages/starlette/applications.py", line 107, in __call__
    await self.middleware_stack(scope, receive, send)
  File "/home/mysterious/storage/github/CourseGPT-Pro-DSAI-Lab-Group-6/.venv/lib/python3.13/site-packages/starlette/middleware/errors.py", line 186, in __call__
    raise exc
  File "/home/mysterious/storage/github/CourseGPT-Pro-DSAI-Lab-Group-6/.venv/lib/python3.13/site-packages/starlette/middleware/errors.py", line 164, in __call__
    await self.app(scope, receive, _send)
  File "/home/mysterious/storage/github/CourseGPT-Pro-DSAI-Lab-Group-6/.venv/lib/python3.13/site-packages/starlette/middleware/exceptions.py", line 63, in __call__
    await wrap_app_handling_exceptions(self.app, conn)(scope, receive, send)
  File "/home/mysterious/storage/github/CourseGPT-Pro-DSAI-Lab-Group-6/.venv/lib/python3.13/site-packages/starlette/_exception_handler.py", line 53, in wrapped_app
    raise exc
  File "/home/mysterious/storage/github/CourseGPT-Pro-DSAI-Lab-Group-6/.venv/lib/python3.13/site-packages/starlette/_exception_handler.py", line 42, in wrapped_app
    await app(scope, receive, sender)
  File "/home/mysterious/storage/github/CourseGPT-Pro-DSAI-Lab-Group-6/.venv/lib/python3.13/site-packages/fastapi/middleware/asyncexitstack.py", line 18, in __call__
    await self.app(scope, receive, send)
  File "/home/mysterious/storage/github/CourseGPT-Pro-DSAI-Lab-Group-6/.venv/lib/python3.13/site-packages/starlette/routing.py", line 716, in __call__
    await self.middleware_stack(scope, receive, send)
  File "/home/mysterious/storage/github/CourseGPT-Pro-DSAI-Lab-Group-6/.venv/lib/python3.13/site-packages/starlette/routing.py", line 736, in app
    await route.handle(scope, receive, send)
  File "/home/mysterious/storage/github/CourseGPT-Pro-DSAI-Lab-Group-6/.venv/lib/python3.13/site-packages/starlette/routing.py", line 290, in handle
    await self.app(scope, receive, send)
  File "/home/mysterious/storage/github/CourseGPT-Pro-DSAI-Lab-Group-6/.venv/lib/python3.13/site-packages/fastapi/routing.py", line 125, in app
    await wrap_app_handling_exceptions(app, request)(scope, receive, send)
  File "/home/mysterious/storage/github/CourseGPT-Pro-DSAI-Lab-Group-6/.venv/lib/python3.13/site-packages/starlette/_exception_handler.py", line 53, in wrapped_app
    raise exc
  File "/home/mysterious/storage/github/CourseGPT-Pro-DSAI-Lab-Group-6/.venv/lib/python3.13/site-packages/starlette/_exception_handler.py", line 42, in wrapped_app
    await app(scope, receive, sender)
  File "/home/mysterious/storage/github/CourseGPT-Pro-DSAI-Lab-Group-6/.venv/lib/python3.13/site-packages/fastapi/routing.py", line 111, in app
    response = await f(request)
               ^^^^^^^^^^^^^^^^
  File "/home/mysterious/storage/github/CourseGPT-Pro-DSAI-Lab-Group-6/.venv/lib/python3.13/site-packages/fastapi/routing.py", line 381, in app
    solved_result = await solve_dependencies(
                    ^^^^^^^^^^^^^^^^^^^^^^^^^
    ...<6 lines>...
    )
    ^
  File "/home/mysterious/storage/github/CourseGPT-Pro-DSAI-Lab-Group-6/.venv/lib/python3.13/site-packages/fastapi/dependencies/utils.py", line 647, in solve_dependencies
    solved = await run_in_threadpool(call, **solved_result.values)
             ^^^^^^^^^^^^^^^^^^^^^^^^^^^^^^^^^^^^^^^^^^^^^^^^^^^^^
  File "/home/mysterious/storage/github/CourseGPT-Pro-DSAI-Lab-Group-6/.venv/lib/python3.13/site-packages/starlette/concurrency.py", line 32, in run_in_threadpool
    return await anyio.to_thread.run_sync(func)
           ^^^^^^^^^^^^^^^^^^^^^^^^^^^^^^^^^^^^
  File "/home/mysterious/storage/github/CourseGPT-Pro-DSAI-Lab-Group-6/.venv/lib/python3.13/site-packages/anyio/to_thread.py", line 56, in run_sync
    return await get_async_backend().run_sync_in_worker_thread(
           ^^^^^^^^^^^^^^^^^^^^^^^^^^^^^^^^^^^^^^^^^^^^^^^^^^^^
        func, args, abandon_on_cancel=abandon_on_cancel, limiter=limiter
        ^^^^^^^^^^^^^^^^^^^^^^^^^^^^^^^^^^^^^^^^^^^^^^^^^^^^^^^^^^^^^^^^
    )
    ^
  File "/home/mysterious/storage/github/CourseGPT-Pro-DSAI-Lab-Group-6/.venv/lib/python3.13/site-packages/anyio/_backends/_asyncio.py", line 2485, in run_sync_in_worker_thread
    return await future
           ^^^^^^^^^^^^
  File "/home/mysterious/storage/github/CourseGPT-Pro-DSAI-Lab-Group-6/.venv/lib/python3.13/site-packages/anyio/_backends/_asyncio.py", line 976, in run
    result = context.run(func, *args)
  File "/home/mysterious/storage/github/CourseGPT-Pro-DSAI-Lab-Group-6/api/dependencies.py", line 26, in get_r2_service
    return _build_r2_service(settings)
  File "/home/mysterious/storage/github/CourseGPT-Pro-DSAI-Lab-Group-6/api/dependencies.py", line 12, in _build_r2_service
    return R2StorageService(settings=settings)
  File "/home/mysterious/storage/github/CourseGPT-Pro-DSAI-Lab-Group-6/api/services/r2_storage.py", line 25, in __init__
    self.endpoint = settings.cloudflare_r2_endpoint.rstrip("/")
                    ^^^^^^^^^^^^^^^^^^^^^^^^^^^^^^^^^^^^^^
AttributeError: 'NoneType' object has no attribute 'rstrip'
INFO:     127.0.0.1:33030 - "GET /files/?limit=50 HTTP/1.1" 500 Internal Server Error
ERROR:    Exception in ASGI application
Traceback (most recent call last):
  File "/home/mysterious/storage/github/CourseGPT-Pro-DSAI-Lab-Group-6/.venv/lib/python3.13/site-packages/uvicorn/protocols/http/httptools_impl.py", line 409, in run_asgi
    result = await app(  # type: ignore[func-returns-value]
             ^^^^^^^^^^^^^^^^^^^^^^^^^^^^^^^^^^^^^^^^^^^^^^
        self.scope, self.receive, self.send
        ^^^^^^^^^^^^^^^^^^^^^^^^^^^^^^^^^^^
    )
    ^
  File "/home/mysterious/storage/github/CourseGPT-Pro-DSAI-Lab-Group-6/.venv/lib/python3.13/site-packages/uvicorn/middleware/proxy_headers.py", line 60, in __call__
    return await self.app(scope, receive, send)
           ^^^^^^^^^^^^^^^^^^^^^^^^^^^^^^^^^^^^
  File "/home/mysterious/storage/github/CourseGPT-Pro-DSAI-Lab-Group-6/.venv/lib/python3.13/site-packages/fastapi/applications.py", line 1134, in __call__
    await super().__call__(scope, receive, send)
  File "/home/mysterious/storage/github/CourseGPT-Pro-DSAI-Lab-Group-6/.venv/lib/python3.13/site-packages/starlette/applications.py", line 107, in __call__
    await self.middleware_stack(scope, receive, send)
  File "/home/mysterious/storage/github/CourseGPT-Pro-DSAI-Lab-Group-6/.venv/lib/python3.13/site-packages/starlette/middleware/errors.py", line 186, in __call__
    raise exc
  File "/home/mysterious/storage/github/CourseGPT-Pro-DSAI-Lab-Group-6/.venv/lib/python3.13/site-packages/starlette/middleware/errors.py", line 164, in __call__
    await self.app(scope, receive, _send)
  File "/home/mysterious/storage/github/CourseGPT-Pro-DSAI-Lab-Group-6/.venv/lib/python3.13/site-packages/starlette/middleware/exceptions.py", line 63, in __call__
    await wrap_app_handling_exceptions(self.app, conn)(scope, receive, send)
  File "/home/mysterious/storage/github/CourseGPT-Pro-DSAI-Lab-Group-6/.venv/lib/python3.13/site-packages/starlette/_exception_handler.py", line 53, in wrapped_app
    raise exc
  File "/home/mysterious/storage/github/CourseGPT-Pro-DSAI-Lab-Group-6/.venv/lib/python3.13/site-packages/starlette/_exception_handler.py", line 42, in wrapped_app
    await app(scope, receive, sender)
  File "/home/mysterious/storage/github/CourseGPT-Pro-DSAI-Lab-Group-6/.venv/lib/python3.13/site-packages/fastapi/middleware/asyncexitstack.py", line 18, in __call__
    await self.app(scope, receive, send)
  File "/home/mysterious/storage/github/CourseGPT-Pro-DSAI-Lab-Group-6/.venv/lib/python3.13/site-packages/starlette/routing.py", line 716, in __call__
    await self.middleware_stack(scope, receive, send)
  File "/home/mysterious/storage/github/CourseGPT-Pro-DSAI-Lab-Group-6/.venv/lib/python3.13/site-packages/starlette/routing.py", line 736, in app
    await route.handle(scope, receive, send)
  File "/home/mysterious/storage/github/CourseGPT-Pro-DSAI-Lab-Group-6/.venv/lib/python3.13/site-packages/starlette/routing.py", line 290, in handle
    await self.app(scope, receive, send)
  File "/home/mysterious/storage/github/CourseGPT-Pro-DSAI-Lab-Group-6/.venv/lib/python3.13/site-packages/fastapi/routing.py", line 125, in app
    await wrap_app_handling_exceptions(app, request)(scope, receive, send)
  File "/home/mysterious/storage/github/CourseGPT-Pro-DSAI-Lab-Group-6/.venv/lib/python3.13/site-packages/starlette/_exception_handler.py", line 53, in wrapped_app
    raise exc
  File "/home/mysterious/storage/github/CourseGPT-Pro-DSAI-Lab-Group-6/.venv/lib/python3.13/site-packages/starlette/_exception_handler.py", line 42, in wrapped_app
    await app(scope, receive, sender)
  File "/home/mysterious/storage/github/CourseGPT-Pro-DSAI-Lab-Group-6/.venv/lib/python3.13/site-packages/fastapi/routing.py", line 111, in app
    response = await f(request)
               ^^^^^^^^^^^^^^^^
  File "/home/mysterious/storage/github/CourseGPT-Pro-DSAI-Lab-Group-6/.venv/lib/python3.13/site-packages/fastapi/routing.py", line 381, in app
    solved_result = await solve_dependencies(
                    ^^^^^^^^^^^^^^^^^^^^^^^^^
    ...<6 lines>...
    )
    ^
  File "/home/mysterious/storage/github/CourseGPT-Pro-DSAI-Lab-Group-6/.venv/lib/python3.13/site-packages/fastapi/dependencies/utils.py", line 647, in solve_dependencies
    solved = await run_in_threadpool(call, **solved_result.values)
             ^^^^^^^^^^^^^^^^^^^^^^^^^^^^^^^^^^^^^^^^^^^^^^^^^^^^^
  File "/home/mysterious/storage/github/CourseGPT-Pro-DSAI-Lab-Group-6/.venv/lib/python3.13/site-packages/starlette/concurrency.py", line 32, in run_in_threadpool
    return await anyio.to_thread.run_sync(func)
           ^^^^^^^^^^^^^^^^^^^^^^^^^^^^^^^^^^^^
  File "/home/mysterious/storage/github/CourseGPT-Pro-DSAI-Lab-Group-6/.venv/lib/python3.13/site-packages/anyio/to_thread.py", line 56, in run_sync
    return await get_async_backend().run_sync_in_worker_thread(
           ^^^^^^^^^^^^^^^^^^^^^^^^^^^^^^^^^^^^^^^^^^^^^^^^^^^^
        func, args, abandon_on_cancel=abandon_on_cancel, limiter=limiter
        ^^^^^^^^^^^^^^^^^^^^^^^^^^^^^^^^^^^^^^^^^^^^^^^^^^^^^^^^^^^^^^^^
    )
    ^
  File "/home/mysterious/storage/github/CourseGPT-Pro-DSAI-Lab-Group-6/.venv/lib/python3.13/site-packages/anyio/_backends/_asyncio.py", line 2485, in run_sync_in_worker_thread
    return await future
           ^^^^^^^^^^^^
  File "/home/mysterious/storage/github/CourseGPT-Pro-DSAI-Lab-Group-6/.venv/lib/python3.13/site-packages/anyio/_backends/_asyncio.py", line 976, in run
    result = context.run(func, *args)
  File "/home/mysterious/storage/github/CourseGPT-Pro-DSAI-Lab-Group-6/api/dependencies.py", line 26, in get_r2_service
    return _build_r2_service(settings)
  File "/home/mysterious/storage/github/CourseGPT-Pro-DSAI-Lab-Group-6/api/dependencies.py", line 12, in _build_r2_service
    return R2StorageService(settings=settings)
  File "/home/mysterious/storage/github/CourseGPT-Pro-DSAI-Lab-Group-6/api/services/r2_storage.py", line 25, in __init__
    self.endpoint = settings.cloudflare_r2_endpoint.rstrip("/")
                    ^^^^^^^^^^^^^^^^^^^^^^^^^^^^^^^^^^^^^^
AttributeError: 'NoneType' object has no attribute 'rstrip'
INFO:     127.0.0.1:33046 - "GET /files/?limit=50 HTTP/1.1" 500 Internal Server Error
ERROR:    Exception in ASGI application
Traceback (most recent call last):
  File "/home/mysterious/storage/github/CourseGPT-Pro-DSAI-Lab-Group-6/.venv/lib/python3.13/site-packages/uvicorn/protocols/http/httptools_impl.py", line 409, in run_asgi
    result = await app(  # type: ignore[func-returns-value]
             ^^^^^^^^^^^^^^^^^^^^^^^^^^^^^^^^^^^^^^^^^^^^^^
        self.scope, self.receive, self.send
        ^^^^^^^^^^^^^^^^^^^^^^^^^^^^^^^^^^^
    )
    ^
  File "/home/mysterious/storage/github/CourseGPT-Pro-DSAI-Lab-Group-6/.venv/lib/python3.13/site-packages/uvicorn/middleware/proxy_headers.py", line 60, in __call__
    return await self.app(scope, receive, send)
           ^^^^^^^^^^^^^^^^^^^^^^^^^^^^^^^^^^^^
  File "/home/mysterious/storage/github/CourseGPT-Pro-DSAI-Lab-Group-6/.venv/lib/python3.13/site-packages/fastapi/applications.py", line 1134, in __call__
    await super().__call__(scope, receive, send)
  File "/home/mysterious/storage/github/CourseGPT-Pro-DSAI-Lab-Group-6/.venv/lib/python3.13/site-packages/starlette/applications.py", line 107, in __call__
    await self.middleware_stack(scope, receive, send)
  File "/home/mysterious/storage/github/CourseGPT-Pro-DSAI-Lab-Group-6/.venv/lib/python3.13/site-packages/starlette/middleware/errors.py", line 186, in __call__
    raise exc
  File "/home/mysterious/storage/github/CourseGPT-Pro-DSAI-Lab-Group-6/.venv/lib/python3.13/site-packages/starlette/middleware/errors.py", line 164, in __call__
    await self.app(scope, receive, _send)
  File "/home/mysterious/storage/github/CourseGPT-Pro-DSAI-Lab-Group-6/.venv/lib/python3.13/site-packages/starlette/middleware/exceptions.py", line 63, in __call__
    await wrap_app_handling_exceptions(self.app, conn)(scope, receive, send)
  File "/home/mysterious/storage/github/CourseGPT-Pro-DSAI-Lab-Group-6/.venv/lib/python3.13/site-packages/starlette/_exception_handler.py", line 53, in wrapped_app
    raise exc
  File "/home/mysterious/storage/github/CourseGPT-Pro-DSAI-Lab-Group-6/.venv/lib/python3.13/site-packages/starlette/_exception_handler.py", line 42, in wrapped_app
    await app(scope, receive, sender)
  File "/home/mysterious/storage/github/CourseGPT-Pro-DSAI-Lab-Group-6/.venv/lib/python3.13/site-packages/fastapi/middleware/asyncexitstack.py", line 18, in __call__
    await self.app(scope, receive, send)
  File "/home/mysterious/storage/github/CourseGPT-Pro-DSAI-Lab-Group-6/.venv/lib/python3.13/site-packages/starlette/routing.py", line 716, in __call__
    await self.middleware_stack(scope, receive, send)
  File "/home/mysterious/storage/github/CourseGPT-Pro-DSAI-Lab-Group-6/.venv/lib/python3.13/site-packages/starlette/routing.py", line 736, in app
    await route.handle(scope, receive, send)
  File "/home/mysterious/storage/github/CourseGPT-Pro-DSAI-Lab-Group-6/.venv/lib/python3.13/site-packages/starlette/routing.py", line 290, in handle
    await self.app(scope, receive, send)
  File "/home/mysterious/storage/github/CourseGPT-Pro-DSAI-Lab-Group-6/.venv/lib/python3.13/site-packages/fastapi/routing.py", line 125, in app
    await wrap_app_handling_exceptions(app, request)(scope, receive, send)
  File "/home/mysterious/storage/github/CourseGPT-Pro-DSAI-Lab-Group-6/.venv/lib/python3.13/site-packages/starlette/_exception_handler.py", line 53, in wrapped_app
    raise exc
  File "/home/mysterious/storage/github/CourseGPT-Pro-DSAI-Lab-Group-6/.venv/lib/python3.13/site-packages/starlette/_exception_handler.py", line 42, in wrapped_app
    await app(scope, receive, sender)
  File "/home/mysterious/storage/github/CourseGPT-Pro-DSAI-Lab-Group-6/.venv/lib/python3.13/site-packages/fastapi/routing.py", line 111, in app
    response = await f(request)
               ^^^^^^^^^^^^^^^^
  File "/home/mysterious/storage/github/CourseGPT-Pro-DSAI-Lab-Group-6/.venv/lib/python3.13/site-packages/fastapi/routing.py", line 381, in app
    solved_result = await solve_dependencies(
                    ^^^^^^^^^^^^^^^^^^^^^^^^^
    ...<6 lines>...
    )
    ^
  File "/home/mysterious/storage/github/CourseGPT-Pro-DSAI-Lab-Group-6/.venv/lib/python3.13/site-packages/fastapi/dependencies/utils.py", line 647, in solve_dependencies
    solved = await run_in_threadpool(call, **solved_result.values)
             ^^^^^^^^^^^^^^^^^^^^^^^^^^^^^^^^^^^^^^^^^^^^^^^^^^^^^
  File "/home/mysterious/storage/github/CourseGPT-Pro-DSAI-Lab-Group-6/.venv/lib/python3.13/site-packages/starlette/concurrency.py", line 32, in run_in_threadpool
    return await anyio.to_thread.run_sync(func)
           ^^^^^^^^^^^^^^^^^^^^^^^^^^^^^^^^^^^^
  File "/home/mysterious/storage/github/CourseGPT-Pro-DSAI-Lab-Group-6/.venv/lib/python3.13/site-packages/anyio/to_thread.py", line 56, in run_sync
    return await get_async_backend().run_sync_in_worker_thread(
           ^^^^^^^^^^^^^^^^^^^^^^^^^^^^^^^^^^^^^^^^^^^^^^^^^^^^
        func, args, abandon_on_cancel=abandon_on_cancel, limiter=limiter
        ^^^^^^^^^^^^^^^^^^^^^^^^^^^^^^^^^^^^^^^^^^^^^^^^^^^^^^^^^^^^^^^^
    )
    ^
  File "/home/mysterious/storage/github/CourseGPT-Pro-DSAI-Lab-Group-6/.venv/lib/python3.13/site-packages/anyio/_backends/_asyncio.py", line 2485, in run_sync_in_worker_thread
    return await future
           ^^^^^^^^^^^^
  File "/home/mysterious/storage/github/CourseGPT-Pro-DSAI-Lab-Group-6/.venv/lib/python3.13/site-packages/anyio/_backends/_asyncio.py", line 976, in run
    result = context.run(func, *args)
  File "/home/mysterious/storage/github/CourseGPT-Pro-DSAI-Lab-Group-6/api/dependencies.py", line 26, in get_r2_service
    return _build_r2_service(settings)
  File "/home/mysterious/storage/github/CourseGPT-Pro-DSAI-Lab-Group-6/api/dependencies.py", line 12, in _build_r2_service
    return R2StorageService(settings=settings)
  File "/home/mysterious/storage/github/CourseGPT-Pro-DSAI-Lab-Group-6/api/services/r2_storage.py", line 25, in __init__
    self.endpoint = settings.cloudflare_r2_endpoint.rstrip("/")
                    ^^^^^^^^^^^^^^^^^^^^^^^^^^^^^^^^^^^^^^
AttributeError: 'NoneType' object has no attribute 'rstrip'
